TN:
SF:/home/ayush/Work/cychain-poc/include/bicycl/src/bicycl/CL_HSM2k.hpp
FNF:0
FNH:0
LF:0
LH:0
end_of_record
TN:
SF:/home/ayush/Work/cychain-poc/include/bicycl/src/bicycl/CL_HSM2k.inl
FN:246,249,_ZNK6BICYCL8CL_HSM2k8Cl_DeltaEv
FN:253,256,_ZNK6BICYCL8CL_HSM2k4Cl_GEv
FN:260,263,_ZNK6BICYCL8CL_HSM2k6DeltaKEv
FN:281,284,_ZNK6BICYCL8CL_HSM2k15compact_variantEv
FN:302,305,_ZNK6BICYCL8CL_HSM2k24encrypt_randomness_boundEv
FN:319,322,_ZNK6BICYCL8CL_HSM2k10power_of_hERNS_3QFIERKNS_3MpzE
FN:327,405,_ZNK6BICYCL8CL_HSM2k10power_of_fERKNS_3MpzE
FN:409,455,_ZNK6BICYCL8CL_HSM2k9dlog_in_FERKNS_3QFIE
FN:459,474,_ZNK6BICYCL8CL_HSM2k26from_Cl_DeltaK_to_Cl_DeltaERNS_3QFIE
FN:499,503,_ZNK6BICYCL8CL_HSM2k7encryptERKNS_6_Utils16CL_HSM_PublicKeyIS0_EERKNS1_16CL_HSM_ClearTextIS0_EERKNS_3MpzE
FN:509,513,_ZNK6BICYCL8CL_HSM2k7encryptERKNS_6_Utils16CL_HSM_PublicKeyIS0_EERKNS1_16CL_HSM_ClearTextIS0_EERNS_7RandGenE
FN:523,527,_ZNK6BICYCL8CL_HSM2k7decryptERKNS_6_Utils16CL_HSM_SecretKeyIS0_EERKNS1_17CL_HSM_CipherTextIS0_EE
FN:641,648,_ZNK6BICYCL8CL_HSM2k16raise_to_power_MERKNS_10ClassGroupERNS_3QFIE
FN:654,666,_ZNK6BICYCL8CL_HSM2k15F_kerphi_squareERNS_3MpzES2_S2_S2_
FN:673,687,_ZNK6BICYCL8CL_HSM2k12F_kerphi_divERNS_3MpzERKS1_S2_S2_S2_
FNDA:0,_ZNK6BICYCL8CL_HSM2k8Cl_DeltaEv
FNDA:0,_ZNK6BICYCL8CL_HSM2k4Cl_GEv
FNDA:0,_ZNK6BICYCL8CL_HSM2k6DeltaKEv
FNDA:0,_ZNK6BICYCL8CL_HSM2k15compact_variantEv
FNDA:0,_ZNK6BICYCL8CL_HSM2k24encrypt_randomness_boundEv
FNDA:0,_ZNK6BICYCL8CL_HSM2k10power_of_hERNS_3QFIERKNS_3MpzE
FNDA:0,_ZNK6BICYCL8CL_HSM2k10power_of_fERKNS_3MpzE
FNDA:0,_ZNK6BICYCL8CL_HSM2k9dlog_in_FERKNS_3QFIE
FNDA:0,_ZNK6BICYCL8CL_HSM2k26from_Cl_DeltaK_to_Cl_DeltaERNS_3QFIE
FNDA:0,_ZNK6BICYCL8CL_HSM2k7encryptERKNS_6_Utils16CL_HSM_PublicKeyIS0_EERKNS1_16CL_HSM_ClearTextIS0_EERKNS_3MpzE
FNDA:0,_ZNK6BICYCL8CL_HSM2k7encryptERKNS_6_Utils16CL_HSM_PublicKeyIS0_EERKNS1_16CL_HSM_ClearTextIS0_EERNS_7RandGenE
FNDA:0,_ZNK6BICYCL8CL_HSM2k7decryptERKNS_6_Utils16CL_HSM_SecretKeyIS0_EERKNS1_17CL_HSM_CipherTextIS0_EE
FNDA:0,_ZNK6BICYCL8CL_HSM2k16raise_to_power_MERKNS_10ClassGroupERNS_3QFIE
FNDA:0,_ZNK6BICYCL8CL_HSM2k15F_kerphi_squareERNS_3MpzES2_S2_S2_
FNDA:0,_ZNK6BICYCL8CL_HSM2k12F_kerphi_divERNS_3MpzERKS1_S2_S2_S2_
FNF:15
FNH:0
DA:246,0
DA:248,0
DA:253,0
DA:255,0
DA:260,0
DA:262,0
DA:281,0
DA:283,0
DA:302,0
DA:304,0
DA:319,0
DA:321,0
DA:322,0
DA:327,0
DA:329,0
DA:330,0
DA:332,0
DA:336,0
DA:337,0
DA:338,0
DA:340,0
DA:342,0
DA:345,0
DA:346,0
DA:347,0
DA:349,0
DA:350,0
DA:351,0
DA:353,0
DA:354,0
DA:355,0
DA:357,0
DA:358,0
DA:359,0
DA:361,0
DA:362,0
DA:363,0
DA:364,0
DA:367,0
DA:369,0
DA:370,0
DA:371,0
DA:372,0
DA:374,0
DA:375,0
DA:376,0
DA:377,0
DA:379,0
DA:380,0
DA:385,0
DA:387,0
DA:389,0
DA:390,0
DA:391,0
DA:394,0
DA:395,0
DA:397,0
DA:399,0
DA:400,0
DA:403,0
DA:404,0
DA:409,0
DA:411,0
DA:420,0
DA:422,0
DA:424,0
DA:426,0
DA:431,0
DA:432,0
DA:433,0
DA:434,0
DA:436,0
DA:438,0
DA:440,0
DA:443,0
DA:444,0
DA:446,0
DA:448,0
DA:450,0
DA:452,0
DA:454,0
DA:455,0
DA:459,0
DA:461,0
DA:462,0
DA:463,0
DA:464,0
DA:466,0
DA:467,0
DA:468,0
DA:469,0
DA:470,0
DA:471,0
DA:472,0
DA:473,0
DA:474,0
DA:499,0
DA:502,0
DA:509,0
DA:512,0
DA:523,0
DA:526,0
DA:641,0
DA:644,0
DA:646,0
DA:648,0
DA:654,0
DA:657,0
DA:658,0
DA:659,0
DA:660,0
DA:661,0
DA:662,0
DA:663,0
DA:664,0
DA:665,0
DA:666,0
DA:673,0
DA:677,0
DA:678,0
DA:679,0
DA:680,0
DA:681,0
DA:682,0
DA:683,0
DA:684,0
DA:685,0
DA:686,0
DA:687,0
LF:129
LH:0
end_of_record
TN:
SF:/home/ayush/Work/cychain-poc/include/bicycl/src/bicycl/CL_HSM_utils.hpp
FNF:0
FNH:0
LF:0
LH:0
end_of_record
TN:
SF:/home/ayush/Work/cychain-poc/include/bicycl/src/bicycl/CL_HSM_utils.inl
FN:117,123,_ZN6BICYCL6_Utils16CL_HSM_ClearTextINS_8CL_HSMqkEEC2ERKS2_RKNS_3MpzE
FN:128,132,_ZN6BICYCL6_Utils16CL_HSM_ClearTextINS_8CL_HSMqkEEC2ERKS2_RNS_7RandGenE
FN:137,150,_ZN6BICYCL6_Utils16CL_HSM_ClearTextINS_8CL_HSM2kEEC2ERKS2_RKNS0_16CL_HSM_SecretKeyIS2_EERKNS0_17CL_HSM_CipherTextIS2_EE
FN:177,200,_ZN6BICYCL6_Utils17CL_HSM_CipherTextINS_8CL_HSM2kEEC2ERKS2_RKNS0_16CL_HSM_PublicKeyIS2_EERKNS0_16CL_HSM_ClearTextIS2_EERKNS_3MpzE
FN:177,200,_ZN6BICYCL6_Utils17CL_HSM_CipherTextINS_8CL_HSMqkEEC2ERKS2_RKNS0_16CL_HSM_PublicKeyIS2_EERKNS0_16CL_HSM_ClearTextIS2_EERKNS_3MpzE
FN:205,231,_ZN6BICYCL6_Utils17CL_HSM_CipherTextINS_8CL_HSMqkEEC2ERKS2_RKNS0_16CL_HSM_PublicKeyIS2_EERKS3_SB_RKNS_3MpzE
FN:236,263,_ZN6BICYCL6_Utils17CL_HSM_CipherTextINS_8CL_HSMqkEEC2ERKS2_RKNS0_16CL_HSM_PublicKeyIS2_EERKS3_RKNS_3MpzESE_
FN:268,271,_ZNK6BICYCL6_Utils17CL_HSM_CipherTextINS_8CL_HSM2kEE2c1Ev
FN:268,271,_ZNK6BICYCL6_Utils17CL_HSM_CipherTextINS_8CL_HSMqkEE2c1Ev
FN:27,33,_ZN6BICYCL6_Utils16CL_HSM_SecretKeyINS_8CL_HSMqkEEC2ERKS2_RKNS_3MpzE
FN:276,279,_ZNK6BICYCL6_Utils17CL_HSM_CipherTextINS_8CL_HSM2kEE2c2Ev
FN:276,279,_ZNK6BICYCL6_Utils17CL_HSM_CipherTextINS_8CL_HSMqkEE2c2Ev
FN:38,42,_ZN6BICYCL6_Utils16CL_HSM_SecretKeyINS_8CL_HSMqkEEC2ERKS2_RNS_7RandGenE
FN:47,64,_ZN6BICYCL6_Utils16CL_HSM_PublicKeyINS_8CL_HSMqkEEC2ERKS2_RKNS0_16CL_HSM_SecretKeyIS2_EE
FN:69,86,_ZN6BICYCL6_Utils16CL_HSM_PublicKeyINS_8CL_HSMqkEEC2ERKS2_RKNS_3QFIE
FN:90,93,_ZNK6BICYCL6_Utils16CL_HSM_PublicKeyINS_8CL_HSMqkEE3eltEv
FN:98,103,_ZNK6BICYCL6_Utils16CL_HSM_PublicKeyINS_8CL_HSM2kEE14exponentiationERKS2_RNS_3QFIERKNS_3MpzE
FN:98,103,_ZNK6BICYCL6_Utils16CL_HSM_PublicKeyINS_8CL_HSMqkEE14exponentiationERKS2_RNS_3QFIERKNS_3MpzE
FNDA:4203,_ZN6BICYCL6_Utils16CL_HSM_ClearTextINS_8CL_HSMqkEEC2ERKS2_RKNS_3MpzE
FNDA:4,_ZN6BICYCL6_Utils16CL_HSM_ClearTextINS_8CL_HSMqkEEC2ERKS2_RNS_7RandGenE
FNDA:0,_ZN6BICYCL6_Utils16CL_HSM_ClearTextINS_8CL_HSM2kEEC2ERKS2_RKNS0_16CL_HSM_SecretKeyIS2_EERKNS0_17CL_HSM_CipherTextIS2_EE
FNDA:0,_ZN6BICYCL6_Utils17CL_HSM_CipherTextINS_8CL_HSM2kEEC2ERKS2_RKNS0_16CL_HSM_PublicKeyIS2_EERKNS0_16CL_HSM_ClearTextIS2_EERKNS_3MpzE
FNDA:4205,_ZN6BICYCL6_Utils17CL_HSM_CipherTextINS_8CL_HSMqkEEC2ERKS2_RKNS0_16CL_HSM_PublicKeyIS2_EERKNS0_16CL_HSM_ClearTextIS2_EERKNS_3MpzE
FNDA:8397,_ZN6BICYCL6_Utils17CL_HSM_CipherTextINS_8CL_HSMqkEEC2ERKS2_RKNS0_16CL_HSM_PublicKeyIS2_EERKS3_SB_RKNS_3MpzE
FNDA:4202,_ZN6BICYCL6_Utils17CL_HSM_CipherTextINS_8CL_HSMqkEEC2ERKS2_RKNS0_16CL_HSM_PublicKeyIS2_EERKS3_RKNS_3MpzESE_
FNDA:0,_ZNK6BICYCL6_Utils17CL_HSM_CipherTextINS_8CL_HSM2kEE2c1Ev
FNDA:4200,_ZNK6BICYCL6_Utils17CL_HSM_CipherTextINS_8CL_HSMqkEE2c1Ev
FNDA:4204,_ZN6BICYCL6_Utils16CL_HSM_SecretKeyINS_8CL_HSMqkEEC2ERKS2_RKNS_3MpzE
FNDA:0,_ZNK6BICYCL6_Utils17CL_HSM_CipherTextINS_8CL_HSM2kEE2c2Ev
FNDA:2,_ZNK6BICYCL6_Utils17CL_HSM_CipherTextINS_8CL_HSMqkEE2c2Ev
FNDA:4,_ZN6BICYCL6_Utils16CL_HSM_SecretKeyINS_8CL_HSMqkEEC2ERKS2_RNS_7RandGenE
FNDA:8,_ZN6BICYCL6_Utils16CL_HSM_PublicKeyINS_8CL_HSMqkEEC2ERKS2_RKNS0_16CL_HSM_SecretKeyIS2_EE
FNDA:1,_ZN6BICYCL6_Utils16CL_HSM_PublicKeyINS_8CL_HSMqkEEC2ERKS2_RKNS_3QFIE
FNDA:2,_ZNK6BICYCL6_Utils16CL_HSM_PublicKeyINS_8CL_HSMqkEE3eltEv
FNDA:0,_ZNK6BICYCL6_Utils16CL_HSM_PublicKeyINS_8CL_HSM2kEE14exponentiationERKS2_RNS_3QFIERKNS_3MpzE
FNDA:16804,_ZNK6BICYCL6_Utils16CL_HSM_PublicKeyINS_8CL_HSMqkEE14exponentiationERKS2_RNS_3QFIERKNS_3MpzE
FNF:18
FNH:13
DA:27,4204
DA:29,4204
DA:31,4204
DA:32,0
DA:33,4204
DA:38,4
DA:40,4
DA:42,4
DA:47,8
DA:48,8
DA:50,8
DA:52,8
DA:53,8
DA:55,8
DA:56,5728
DA:58,5720
DA:59,8
DA:60,5720
DA:61,8
DA:62,5720
DA:64,8
DA:69,1
DA:70,1
DA:72,1
DA:74,1
DA:75,1
DA:77,1
DA:78,716
DA:80,715
DA:81,1
DA:82,715
DA:83,1
DA:84,715
DA:86,1
DA:90,2
DA:92,2
DA:98,16804
DA:101,16804
DA:102,16804
DA:103,16804
DA:117,4203
DA:119,4203
DA:121,4203
DA:122,0
DA:123,4203
DA:128,4
DA:130,4
DA:132,4
DA:137,0
DA:139,0
DA:141,0
DA:143,0
DA:144,0
DA:145,0
DA:147,0
DA:149,0
DA:150,0
DA:177,4205
DA:180,4205
DA:184,4205
DA:185,4205
DA:190,4205
DA:191,4205
DA:193,4205
DA:194,0
DA:195,4205
DA:198,4205
DA:200,4205
DA:205,8397
DA:208,8397
DA:212,8397
DA:213,8397
DA:218,8397
DA:220,8397
DA:221,0
DA:222,8397
DA:223,8397
DA:226,8397
DA:229,8397
DA:230,8397
DA:231,8397
DA:236,4202
DA:239,4202
DA:241,4202
DA:245,4202
DA:246,4202
DA:251,4202
DA:252,4202
DA:253,0
DA:254,4202
DA:255,4202
DA:258,4202
DA:261,4202
DA:262,4202
DA:263,4202
DA:268,4200
DA:270,4200
DA:276,2
DA:278,2
LF:99
LH:85
end_of_record
TN:
SF:/home/ayush/Work/cychain-poc/include/bicycl/src/bicycl/CL_HSMqk.hpp
FNF:0
FNH:0
LF:0
LH:0
end_of_record
TN:
SF:/home/ayush/Work/cychain-poc/include/bicycl/src/bicycl/CL_HSMqk.inl
FN:120,126,_ZN6BICYCL8CL_HSMqkC2ERKNS_3MpzEmS3_jbS3_
FN:129,133,_ZN6BICYCL8CL_HSMqkC2ERKNS_3MpzEmS3_jb
FN:138,142,_ZN6BICYCL8CL_HSMqkC2ERKNS_3MpzEmS3_j
FN:155,158,_ZN6BICYCL8CL_HSMqkC2ERKNS_3MpzEmS3_
FN:257,260,_ZNK6BICYCL8CL_HSMqk1qEv
FN:292,295,_ZNK6BICYCL8CL_HSMqk8Cl_DeltaEv
FN:299,302,_ZNK6BICYCL8CL_HSMqk4Cl_GEv
FN:306,309,_ZNK6BICYCL8CL_HSMqk6DeltaKEv
FN:313,316,_ZNK6BICYCL8CL_HSMqk5DeltaEv
FN:327,330,_ZNK6BICYCL8CL_HSMqk15compact_variantEv
FN:34,117,_ZN6BICYCL8CL_HSMqkC2ERKNS_3MpzEmS3_jbS3_S3_
FN:356,359,_ZNK6BICYCL8CL_HSMqk15secretkey_boundEv
FN:363,366,_ZNK6BICYCL8CL_HSMqk15cleartext_boundEv
FN:370,373,_ZNK6BICYCL8CL_HSMqk24encrypt_randomness_boundEv
FN:387,391,_ZNK6BICYCL8CL_HSMqk10power_of_hERNS_3QFIERKNS_3MpzE
FN:407,543,_ZNK6BICYCL8CL_HSMqk10power_of_fERKNS_3MpzE
FN:547,598,_ZNK6BICYCL8CL_HSMqk9dlog_in_FERKNS_3QFIE
FN:602,606,_ZNK6BICYCL8CL_HSMqk26from_Cl_DeltaK_to_Cl_DeltaERNS_3QFIE
FN:610,613,_ZNK6BICYCL8CL_HSMqk6keygenERNS_7RandGenE
FN:617,620,_ZNK6BICYCL8CL_HSMqk6keygenERKNS_6_Utils16CL_HSM_SecretKeyIS0_EE
FN:633,637,_ZNK6BICYCL8CL_HSMqk7encryptERKNS_6_Utils16CL_HSM_PublicKeyIS0_EERKNS1_16CL_HSM_ClearTextIS0_EERKNS_3MpzE
FN:644,648,_ZNK6BICYCL8CL_HSMqk7encryptERKNS_6_Utils16CL_HSM_PublicKeyIS0_EERKNS1_16CL_HSM_ClearTextIS0_EERNS_7RandGenE
FN:666,680,_ZNK6BICYCL8CL_HSMqk15partial_decryptERKNS_6_Utils16CL_HSM_SecretKeyIS0_EERKNS_3MpzERKNS1_17CL_HSM_CipherTextIS0_EE
FN:695,702,_ZNK6BICYCL8CL_HSMqk15add_ciphertextsERKNS_6_Utils16CL_HSM_PublicKeyIS0_EERKNS1_17CL_HSM_CipherTextIS0_EES9_RNS_7RandGenE
FN:706,712,_ZNK6BICYCL8CL_HSMqk15add_ciphertextsERKNS_6_Utils16CL_HSM_PublicKeyIS0_EERKNS1_17CL_HSM_CipherTextIS0_EES9_RKNS_3MpzE
FN:724,731,_ZNK6BICYCL8CL_HSMqk16scal_ciphertextsERKNS_6_Utils16CL_HSM_PublicKeyIS0_EERKNS1_17CL_HSM_CipherTextIS0_EERKNS_3MpzERNS_7RandGenE
FN:735,741,_ZNK6BICYCL8CL_HSMqk16scal_ciphertextsERKNS_6_Utils16CL_HSM_PublicKeyIS0_EERKNS1_17CL_HSM_CipherTextIS0_EERKNS_3MpzESC_
FN:784,790,_ZN6BICYCL8CL_HSMqk14compute_DeltaKERKNS_3MpzES3_
FN:795,805,_ZN6BICYCL8CL_HSMqk13compute_DeltaERKNS_3MpzES3_m
FN:809,812,_ZNK6BICYCL8CL_HSMqk16raise_to_power_MERKNS_10ClassGroupERNS_3QFIE
FN:820,854,_ZNK6BICYCL8CL_HSMqk12F_kerphi_powERNS_3MpzERKS1_S4_
FN:862,905,_ZNK6BICYCL8CL_HSMqk12F_kerphi_divERNS_3MpzERKS1_mS4_
FNDA:1,_ZN6BICYCL8CL_HSMqkC2ERKNS_3MpzEmS3_jbS3_
FNDA:1,_ZN6BICYCL8CL_HSMqkC2ERKNS_3MpzEmS3_jb
FNDA:1,_ZN6BICYCL8CL_HSMqkC2ERKNS_3MpzEmS3_j
FNDA:1,_ZN6BICYCL8CL_HSMqkC2ERKNS_3MpzEmS3_
FNDA:2102,_ZNK6BICYCL8CL_HSMqk1qEv
FNDA:33604,_ZNK6BICYCL8CL_HSMqk8Cl_DeltaEv
FNDA:70164,_ZNK6BICYCL8CL_HSMqk4Cl_GEv
FNDA:4206,_ZNK6BICYCL8CL_HSMqk6DeltaKEv
FNDA:1,_ZNK6BICYCL8CL_HSMqk5DeltaEv
FNDA:21004,_ZNK6BICYCL8CL_HSMqk15compact_variantEv
FNDA:1,_ZN6BICYCL8CL_HSMqkC2ERKNS_3MpzEmS3_jbS3_S3_
FNDA:8412,_ZNK6BICYCL8CL_HSMqk15secretkey_boundEv
FNDA:4207,_ZNK6BICYCL8CL_HSMqk15cleartext_boundEv
FNDA:16814,_ZNK6BICYCL8CL_HSMqk24encrypt_randomness_boundEv
FNDA:16812,_ZNK6BICYCL8CL_HSMqk10power_of_hERNS_3QFIERKNS_3MpzE
FNDA:4205,_ZNK6BICYCL8CL_HSMqk10power_of_fERKNS_3MpzE
FNDA:2,_ZNK6BICYCL8CL_HSMqk9dlog_in_FERKNS_3QFIE
FNDA:0,_ZNK6BICYCL8CL_HSMqk26from_Cl_DeltaK_to_Cl_DeltaERNS_3QFIE
FNDA:4,_ZNK6BICYCL8CL_HSMqk6keygenERNS_7RandGenE
FNDA:6,_ZNK6BICYCL8CL_HSMqk6keygenERKNS_6_Utils16CL_HSM_SecretKeyIS0_EE
FNDA:4205,_ZNK6BICYCL8CL_HSMqk7encryptERKNS_6_Utils16CL_HSM_PublicKeyIS0_EERKNS1_16CL_HSM_ClearTextIS0_EERKNS_3MpzE
FNDA:4205,_ZNK6BICYCL8CL_HSMqk7encryptERKNS_6_Utils16CL_HSM_PublicKeyIS0_EERKNS1_16CL_HSM_ClearTextIS0_EERNS_7RandGenE
FNDA:4200,_ZNK6BICYCL8CL_HSMqk15partial_decryptERKNS_6_Utils16CL_HSM_SecretKeyIS0_EERKNS_3MpzERKNS1_17CL_HSM_CipherTextIS0_EE
FNDA:8397,_ZNK6BICYCL8CL_HSMqk15add_ciphertextsERKNS_6_Utils16CL_HSM_PublicKeyIS0_EERKNS1_17CL_HSM_CipherTextIS0_EES9_RNS_7RandGenE
FNDA:8397,_ZNK6BICYCL8CL_HSMqk15add_ciphertextsERKNS_6_Utils16CL_HSM_PublicKeyIS0_EERKNS1_17CL_HSM_CipherTextIS0_EES9_RKNS_3MpzE
FNDA:4202,_ZNK6BICYCL8CL_HSMqk16scal_ciphertextsERKNS_6_Utils16CL_HSM_PublicKeyIS0_EERKNS1_17CL_HSM_CipherTextIS0_EERKNS_3MpzERNS_7RandGenE
FNDA:4202,_ZNK6BICYCL8CL_HSMqk16scal_ciphertextsERKNS_6_Utils16CL_HSM_PublicKeyIS0_EERKNS1_17CL_HSM_CipherTextIS0_EERKNS_3MpzESC_
FNDA:1,_ZN6BICYCL8CL_HSMqk14compute_DeltaKERKNS_3MpzES3_
FNDA:1,_ZN6BICYCL8CL_HSMqk13compute_DeltaERKNS_3MpzES3_m
FNDA:1,_ZNK6BICYCL8CL_HSMqk16raise_to_power_MERKNS_10ClassGroupERNS_3QFIE
FNDA:0,_ZNK6BICYCL8CL_HSMqk12F_kerphi_powERNS_3MpzERKS1_S4_
FNDA:0,_ZNK6BICYCL8CL_HSMqk12F_kerphi_divERNS_3MpzERKS1_mS4_
FNF:32
FNH:29
DA:34,1
DA:36,1
DA:37,1
DA:38,1
DA:39,1
DA:40,1
DA:41,1
DA:42,1
DA:43,2
DA:46,1
DA:47,0
DA:48,1
DA:49,0
DA:50,1
DA:51,0
DA:52,1
DA:53,0
DA:54,1
DA:55,0
DA:58,1
DA:59,2
DA:61,1
DA:66,1
DA:67,1
DA:68,1
DA:69,1
DA:70,1
DA:71,1
DA:80,1
DA:81,1
DA:82,1
DA:85,1
DA:88,1
DA:90,1
DA:92,0
DA:93,0
DA:99,1
DA:100,1
DA:101,1
DA:106,1
DA:107,1
DA:108,1
DA:109,716
DA:111,715
DA:112,1
DA:113,715
DA:114,1
DA:115,715
DA:117,1
DA:120,1
DA:122,1
DA:124,1
DA:126,1
DA:129,1
DA:130,1
DA:131,1
DA:133,1
DA:138,1
DA:139,1
DA:140,1
DA:142,1
DA:155,1
DA:156,1
DA:158,1
DA:257,2102
DA:259,2102
DA:292,33604
DA:294,33604
DA:299,70164
DA:301,70164
DA:306,4206
DA:308,4206
DA:313,1
DA:315,1
DA:327,21004
DA:329,21004
DA:356,8412
DA:358,8412
DA:363,4207
DA:365,4207
DA:370,16814
DA:372,16814
DA:387,16812
DA:389,16812
DA:390,16812
DA:391,16812
DA:407,4205
DA:409,4205
DA:412,4205
DA:416,4205
DA:417,4205
DA:418,1024
DA:423,4205
DA:424,4205
DA:425,4205
DA:426,4205
DA:427,4205
DA:431,4205
DA:433,0
DA:436,0
DA:437,0
DA:438,4205
DA:441,0
DA:442,0
DA:444,0
DA:446,0
DA:459,0
DA:460,0
DA:461,0
DA:463,0
DA:464,0
DA:466,0
DA:469,0
DA:470,0
DA:471,0
DA:473,0
DA:474,0
DA:475,0
DA:477,0
DA:478,0
DA:479,0
DA:481,0
DA:482,0
DA:483,0
DA:485,0
DA:486,0
DA:487,0
DA:488,0
DA:491,0
DA:493,0
DA:494,0
DA:495,0
DA:497,0
DA:498,0
DA:499,0
DA:501,0
DA:502,0
DA:507,0
DA:508,0
DA:511,0
DA:513,0
DA:514,0
DA:516,0
DA:519,0
DA:521,0
DA:522,0
DA:523,0
DA:524,0
DA:527,0
DA:529,0
DA:531,0
DA:532,0
DA:533,0
DA:534,0
DA:535,0
DA:536,0
DA:537,0
DA:540,0
DA:541,0
DA:542,0
DA:547,2
DA:549,2
DA:550,2
DA:552,2
DA:556,2
DA:558,0
DA:559,0
DA:563,2
DA:564,2
DA:566,2
DA:567,2
DA:568,2
DA:570,2
DA:572,2
DA:576,0
DA:578,0
DA:580,0
DA:582,0
DA:583,0
DA:584,0
DA:588,0
DA:590,0
DA:591,0
DA:592,0
DA:594,0
DA:595,2
DA:597,2
DA:598,0
DA:602,0
DA:604,0
DA:605,0
DA:606,0
DA:610,4
DA:612,4
DA:617,6
DA:619,6
DA:633,4205
DA:636,4205
DA:644,4205
DA:647,4205
DA:666,4200
DA:669,4200
DA:670,4200
DA:672,4200
DA:673,4200
DA:675,4200
DA:676,4200
DA:677,0
DA:679,4200
DA:680,4200
DA:695,8397
DA:700,8397
DA:701,16794
DA:702,8397
DA:706,8397
DA:711,8397
DA:724,4202
DA:729,4202
DA:730,8404
DA:731,4202
DA:735,4202
DA:740,4202
DA:784,1
DA:786,1
DA:787,1
DA:788,1
DA:789,1
DA:790,0
DA:795,1
DA:797,1
DA:798,1
DA:799,1
DA:800,2
DA:802,1
DA:804,1
DA:805,1
DA:809,1
DA:811,1
DA:812,1
DA:820,0
DA:822,0
DA:824,0
DA:827,0
DA:828,0
DA:829,0
DA:831,0
DA:832,0
DA:833,0
DA:834,0
DA:836,0
DA:839,0
DA:841,0
DA:842,0
DA:843,0
DA:845,0
DA:846,0
DA:850,0
DA:851,0
DA:852,0
DA:854,0
DA:862,0
DA:865,0
DA:867,0
DA:868,0
DA:870,0
DA:873,0
DA:874,0
DA:875,0
DA:876,0
DA:878,0
DA:879,0
DA:881,0
DA:882,0
DA:884,0
DA:886,0
DA:888,0
DA:890,0
DA:892,0
DA:894,0
DA:895,0
DA:899,0
DA:900,0
DA:902,0
DA:903,0
DA:904,0
DA:905,0
LF:286
LH:151
end_of_record
TN:
SF:/home/ayush/Work/cychain-poc/include/bicycl/src/bicycl/Joye_Libert.inl
FN:133,136,_ZNK6BICYCL10JoyeLibert9PublicKey1NEv
FN:247,250,_ZNK6BICYCL10JoyeLibert24encrypt_randomness_boundERKNS0_9PublicKeyE
FN:252,255,_ZNK6BICYCL10JoyeLibert15cleartext_boundEv
FNDA:0,_ZNK6BICYCL10JoyeLibert9PublicKey1NEv
FNDA:0,_ZNK6BICYCL10JoyeLibert24encrypt_randomness_boundERKNS0_9PublicKeyE
FNDA:0,_ZNK6BICYCL10JoyeLibert15cleartext_boundEv
FNF:3
FNH:0
DA:133,0
DA:135,0
DA:247,0
DA:249,0
DA:252,0
DA:254,0
LF:6
LH:0
end_of_record
TN:
SF:/home/ayush/Work/cychain-poc/include/bicycl/src/bicycl/gmp_extras.hpp
FNF:0
FNH:0
LF:0
LH:0
end_of_record
TN:
SF:/home/ayush/Work/cychain-poc/include/bicycl/src/bicycl/gmp_extras.inl
FN:1072,1075,_ZN6BICYCL3Mpz3gcdERS0_RKS0_S3_
FN:1079,1082,_ZN6BICYCL3Mpz6gcdextERS0_S1_S1_RKS0_S3_
FN:1093,1096,_ZN6BICYCL3Mpz4sqrtERS0_RKS0_
FN:1100,1103,_ZN6BICYCL3Mpz7root4thERS0_RKS0_
FN:1112,1149,_ZN6BICYCL3Mpz14sqrt_mod_primeERS0_RKS0_S3_
FN:115,148,_ZN6BICYCL12_GLOBAL__N_1L21mpn_highest_two_limbsEPmS1_S1_S1_S1_S1_l
FN:1153,1156,_ZN6BICYCL3Mpz6removeERS0_RKS0_S3_
FN:1196,1248,_ZN6BICYCL3Mpz18ceil_abslog_squareERS0_RKS0_
FN:1266,1426,_ZN6BICYCL3Mpz14partial_euclidERS0_S1_S1_S1_S1_S1_lS1_S1_
FN:1438,1441,_ZN6BICYCLlsERSoRKNS_3MpzE
FN:1444,1447,_ZN6BICYCLrsERSiRNS_3MpzE
FN:1451,1454,_ZN6BICYCL3Mpz7richcmpERKS0_S2_
FN:1458,1461,_ZN6BICYCL3Mpz7richcmpERKS0_m
FN:1475,1478,_ZN6BICYCL7RandGenC2Ev
FN:1496,1499,_ZN6BICYCL7RandGenD2Ev
FN:1510,1515,_ZN6BICYCL7RandGen10random_mpzERKNS_3MpzE
FN:160,204,_ZN6BICYCL12_GLOBAL__N_1L10mpn_addmulEPmPKmlS3_lS1_
FN:1610,1655,_ZN6BICYCL3JSFC2ERKNS_3MpzES3_
FN:1659,1665,_ZNK6BICYCL3JSFixEm
FN:1669,1672,_ZN6BICYCL3JSF3setEmii
FN:224,224,_ZN6BICYCL3Mpz19ModInverseExceptionC2Ev
FN:229,232,_ZN6BICYCL3MpzC2Ev
FN:236,239,_ZN6BICYCL3MpzC2ERKS0_
FN:243,252,_ZN6BICYCL3MpzC2EOS0_
FN:265,268,_ZN6BICYCL3MpzC2Em
FN:303,306,_ZN6BICYCL3MpzD2Ev
FN:310,314,_ZN6BICYCL3MpzaSERKS0_
FN:318,322,_ZN6BICYCL3MpzaSEOS0_
FN:326,330,_ZN6BICYCL3MpzaSEPK12__mpf_struct
FN:334,338,_ZN6BICYCL3MpzaSEm
FN:350,357,_ZN6BICYCL3MpzaSERKNSt7__cxx1112basic_stringIcSt11char_traitsIcESaIcEEE
FN:370,373,_ZNK6BICYCL3MpzeqERKS0_
FN:377,380,_ZNK6BICYCL3MpzneERKS0_
FN:384,387,_ZNK6BICYCL3MpzltERKS0_
FN:391,394,_ZNK6BICYCL3MpzgtERKS0_
FN:419,422,_ZNK6BICYCL3MpzneEm
FN:433,436,_ZNK6BICYCL3MpzgtEm
FN:496,499,_ZNK6BICYCL3MpzcvPK12__mpz_structEv
FN:523,526,_ZNK6BICYCL3Mpz5nbitsEv
FN:537,540,_ZNK6BICYCL3Mpz6nlimbsEv
FN:544,547,_ZNK6BICYCL3Mpz3sgnEv
FN:551,554,_ZNK6BICYCL3Mpz7is_zeroEv
FN:558,561,_ZNK6BICYCL3Mpz6is_oddEv
FN:565,568,_ZNK6BICYCL3Mpz7is_evenEv
FN:572,575,_ZNK6BICYCL3Mpz6is_oneEv
FN:581,585,_ZNK6BICYCL3Mpz8is_primeEi
FN:589,592,_ZNK6BICYCL3Mpz15is_divisible_byERKS0_
FN:596,599,_ZN6BICYCL3Mpz3negEv
FN:607,626,_ZNK6BICYCL3Mpz12extract_bitsEmm
FN:630,633,_ZNK6BICYCL3Mpz6tstbitEm
FN:637,640,_ZN6BICYCL3Mpz6setbitEm
FN:644,648,_ZNK6BICYCL3Mpz4mod4Ev
FN:660,663,_ZNK6BICYCL3Mpz4val2Ev
FN:667,670,_ZN6BICYCL3Mpz9nextprimeEv
FN:688,691,_ZNK6BICYCL3Mpz9kroneckerERKS0_
FN:695,698,_ZN6BICYCL3Mpz4swapERS0_S1_
FN:702,705,_ZN6BICYCL3Mpz3absERS0_RKS0_
FN:709,712,_ZN6BICYCL3Mpz6cmpabsERKS0_S2_
FN:716,719,_ZN6BICYCL3Mpz3addERS0_RKS0_S3_
FN:723,726,_ZN6BICYCL3Mpz3addERS0_RKS0_m
FN:737,743,_ZN6BICYCL3Mpz7set_strERS0_PKcm
FN:747,750,_ZN6BICYCL3Mpz10from_bytesERS0_Phm
FN:754,760,_ZN6BICYCL3Mpz8to_bytesERKS0_Phm
FN:764,767,_ZN6BICYCL3Mpz3subERS0_RKS0_S3_
FN:771,774,_ZN6BICYCL3Mpz3subERS0_RKS0_m
FN:778,781,_ZN6BICYCL3Mpz3mulERS0_RKS0_S3_
FN:785,788,_ZN6BICYCL3Mpz3mulERS0_RKS0_m
FN:792,795,_ZN6BICYCL3Mpz7mulby2kERS0_RKS0_m
FN:807,810,_ZN6BICYCL3Mpz6mulby2ERS0_RKS0_
FN:814,817,_ZN6BICYCL3Mpz6mulby4ERS0_RKS0_
FN:821,824,_ZN6BICYCL3Mpz6addmulERS0_RKS0_S3_
FN:828,831,_ZN6BICYCL3Mpz6submulERS0_RKS0_S3_
FN:835,838,_ZN6BICYCL3Mpz7divby2kERS0_RKS0_m
FN:842,845,_ZN6BICYCL3Mpz6divby2ERS0_RKS0_
FN:849,852,_ZN6BICYCL3Mpz6divby4ERS0_RKS0_
FN:856,859,_ZN6BICYCL3Mpz8divexactERS0_RKS0_S3_
FN:870,873,_ZN6BICYCL3Mpz7cdiv_qrERS0_S1_RKS0_S3_
FN:877,880,_ZN6BICYCL3Mpz7fdiv_qrERS0_S1_RKS0_S3_
FN:884,887,_ZN6BICYCL3Mpz3modERS0_RKS0_S3_
FN:891,894,_ZN6BICYCL3Mpz5mod2kERS0_RKS0_m
FN:898,910,_ZN6BICYCL3Mpz14mod2k_centeredERS0_RKS0_m
FN:914,919,_ZN6BICYCL3Mpz11mod_inverseERS0_RKS0_S3_
FN:934,946,_ZN6BICYCL3Mpz14mod_inverse_2kERS0_RKS0_mS1_
FN:950,953,_ZN6BICYCL3Mpz7pow_modERS0_RKS0_S3_S3_
FNDA:0,_ZN6BICYCL3Mpz3gcdERS0_RKS0_S3_
FNDA:24841589,_ZN6BICYCL3Mpz6gcdextERS0_S1_S1_RKS0_S3_
FNDA:1,_ZN6BICYCL3Mpz4sqrtERS0_RKS0_
FNDA:33618,_ZN6BICYCL3Mpz7root4thERS0_RKS0_
FNDA:1,_ZN6BICYCL3Mpz14sqrt_mod_primeERS0_RKS0_S3_
FNDA:202135460,_ZN6BICYCL12_GLOBAL__N_1L21mpn_highest_two_limbsEPmS1_S1_S1_S1_S1_l
FNDA:2,_ZN6BICYCL3Mpz6removeERS0_RKS0_S3_
FNDA:1,_ZN6BICYCL3Mpz18ceil_abslog_squareERS0_RKS0_
FNDA:22543673,_ZN6BICYCL3Mpz14partial_euclidERS0_S1_S1_S1_S1_S1_lS1_S1_
FNDA:0,_ZN6BICYCLlsERSoRKNS_3MpzE
FNDA:0,_ZN6BICYCLrsERSiRNS_3MpzE
FNDA:129687,_ZN6BICYCL3Mpz7richcmpERKS0_S2_
FNDA:2,_ZN6BICYCL3Mpz7richcmpERKS0_m
FNDA:4234,_ZN6BICYCL7RandGenC2Ev
FNDA:4234,_ZN6BICYCL7RandGenD2Ev
FNDA:21014,_ZN6BICYCL7RandGen10random_mpzERKNS_3MpzE
FNDA:4,_ZN6BICYCL12_GLOBAL__N_1L10mpn_addmulEPmPKmlS3_lS1_
FNDA:33616,_ZN6BICYCL3JSFC2ERKNS_3MpzES3_
FNDA:16102064,_ZNK6BICYCL3JSFixEm
FNDA:16028981,_ZN6BICYCL3JSF3setEmii
FNDA:0,_ZN6BICYCL3Mpz19ModInverseExceptionC2Ev
FNDA:3852762,_ZN6BICYCL3MpzC2Ev
FNDA:1236936,_ZN6BICYCL3MpzC2ERKS0_
FNDA:336674,_ZN6BICYCL3MpzC2EOS0_
FNDA:5523606,_ZN6BICYCL3MpzC2Em
FNDA:10949978,_ZN6BICYCL3MpzD2Ev
FNDA:43270745,_ZN6BICYCL3MpzaSERKS0_
FNDA:213915,_ZN6BICYCL3MpzaSEOS0_
FNDA:1,_ZN6BICYCL3MpzaSEPK12__mpf_struct
FNDA:4610166,_ZN6BICYCL3MpzaSEm
FNDA:4202,_ZN6BICYCL3MpzaSERKNSt7__cxx1112basic_stringIcSt11char_traitsIcESaIcEEE
FNDA:0,_ZNK6BICYCL3MpzeqERKS0_
FNDA:0,_ZNK6BICYCL3MpzneERKS0_
FNDA:129687,_ZNK6BICYCL3MpzltERKS0_
FNDA:0,_ZNK6BICYCL3MpzgtERKS0_
FNDA:2,_ZNK6BICYCL3MpzneEm
FNDA:0,_ZNK6BICYCL3MpzgtEm
FNDA:242559,_ZNK6BICYCL3MpzcvPK12__mpz_structEv
FNDA:113465,_ZNK6BICYCL3Mpz5nbitsEv
FNDA:22543673,_ZNK6BICYCL3Mpz6nlimbsEv
FNDA:8608071,_ZNK6BICYCL3Mpz3sgnEv
FNDA:8519818,_ZNK6BICYCL3Mpz7is_zeroEv
FNDA:361522741,_ZNK6BICYCL3Mpz6is_oddEv
FNDA:4206,_ZNK6BICYCL3Mpz7is_evenEv
FNDA:22543675,_ZNK6BICYCL3Mpz6is_oneEv
FNDA:2,_ZNK6BICYCL3Mpz8is_primeEi
FNDA:4307711,_ZNK6BICYCL3Mpz15is_divisible_byERKS0_
FNDA:383480322,_ZN6BICYCL3Mpz3negEv
FNDA:1540706,_ZNK6BICYCL3Mpz12extract_bitsEmm
FNDA:32259658,_ZNK6BICYCL3Mpz6tstbitEm
FNDA:0,_ZN6BICYCL3Mpz6setbitEm
FNDA:33620,_ZNK6BICYCL3Mpz4mod4Ev
FNDA:0,_ZNK6BICYCL3Mpz4val2Ev
FNDA:121279,_ZN6BICYCL3Mpz9nextprimeEv
FNDA:121284,_ZNK6BICYCL3Mpz9kroneckerERKS0_
FNDA:718397979,_ZN6BICYCL3Mpz4swapERS0_S1_
FNDA:33619,_ZN6BICYCL3Mpz3absERS0_RKS0_
FNDA:361455507,_ZN6BICYCL3Mpz6cmpabsERKS0_S2_
FNDA:560966712,_ZN6BICYCL3Mpz3addERS0_RKS0_S3_
FNDA:60231,_ZN6BICYCL3Mpz3addERS0_RKS0_m
FNDA:2,_ZN6BICYCL3Mpz7set_strERS0_PKcm
FNDA:2102,_ZN6BICYCL3Mpz10from_bytesERS0_Phm
FNDA:2,_ZN6BICYCL3Mpz8to_bytesERKS0_Phm
FNDA:22582519,_ZN6BICYCL3Mpz3subERS0_RKS0_S3_
FNDA:61053,_ZN6BICYCL3Mpz3subERS0_RKS0_m
FNDA:221609406,_ZN6BICYCL3Mpz3mulERS0_RKS0_S3_
FNDA:1,_ZN6BICYCL3Mpz3mulERS0_RKS0_m
FNDA:14103697,_ZN6BICYCL3Mpz7mulby2kERS0_RKS0_m
FNDA:14070079,_ZN6BICYCL3Mpz6mulby2ERS0_RKS0_
FNDA:33617,_ZN6BICYCL3Mpz6mulby4ERS0_RKS0_
FNDA:27139505,_ZN6BICYCL3Mpz6addmulERS0_RKS0_S3_
FNDA:491188292,_ZN6BICYCL3Mpz6submulERS0_RKS0_S3_
FNDA:731456049,_ZN6BICYCL3Mpz7divby2kERS0_RKS0_m
FNDA:731384609,_ZN6BICYCL3Mpz6divby2ERS0_RKS0_
FNDA:37822,_ZN6BICYCL3Mpz6divby4ERS0_RKS0_
FNDA:59745108,_ZN6BICYCL3Mpz8divexactERS0_RKS0_S3_
FNDA:361455507,_ZN6BICYCL3Mpz7cdiv_qrERS0_S1_RKS0_S3_
FNDA:22543673,_ZN6BICYCL3Mpz7fdiv_qrERS0_S1_RKS0_S3_
FNDA:9195865,_ZN6BICYCL3Mpz3modERS0_RKS0_S3_
FNDA:33616,_ZN6BICYCL3Mpz5mod2kERS0_RKS0_m
FNDA:0,_ZN6BICYCL3Mpz14mod2k_centeredERS0_RKS0_m
FNDA:4208,_ZN6BICYCL3Mpz11mod_inverseERS0_RKS0_S3_
FNDA:0,_ZN6BICYCL3Mpz14mod_inverse_2kERS0_RKS0_mS1_
FNDA:3,_ZN6BICYCL3Mpz7pow_modERS0_RKS0_S3_S3_
FNF:84
FNH:72
DA:115,202135460
DA:119,202135460
DA:121,202135460
DA:123,696
DA:124,696
DA:126,202134764
DA:132,0
DA:133,0
DA:134,0
DA:135,0
DA:136,0
DA:142,202134764
DA:143,202134764
DA:144,202134764
DA:145,202134764
DA:146,202134764
DA:148,202135460
DA:160,4
DA:164,4
DA:166,0
DA:167,0
DA:168,0
DA:170,0
DA:174,4
DA:175,4
DA:176,4
DA:178,4
DA:179,4
DA:181,0
DA:182,4
DA:183,4
DA:185,4
DA:187,4
DA:188,4
DA:195,0
DA:199,0
DA:201,4
DA:202,4
DA:203,4
DA:224,0
DA:229,3852762
DA:231,3852762
DA:232,3852762
DA:236,1236936
DA:238,1236936
DA:239,1236936
DA:243,336674
DA:245,336674
DA:246,336674
DA:247,336674
DA:249,336674
DA:250,336674
DA:251,336674
DA:252,336674
DA:265,5523606
DA:267,5523606
DA:268,5523606
DA:303,10949978
DA:305,10949978
DA:306,10949978
DA:310,43270745
DA:312,43270745
DA:313,43270745
DA:318,213915
DA:320,213915
DA:321,213915
DA:326,1
DA:328,1
DA:329,1
DA:334,4610166
DA:336,4610166
DA:337,4610166
DA:350,4202
DA:352,4202
DA:353,4202
DA:354,0
DA:355,0
DA:356,4202
DA:370,0
DA:372,0
DA:377,0
DA:379,0
DA:384,129687
DA:386,129687
DA:391,0
DA:393,0
DA:419,2
DA:421,2
DA:433,0
DA:435,0
DA:496,242559
DA:498,242559
DA:523,113465
DA:525,113465
DA:537,22543673
DA:539,22543673
DA:544,8608071
DA:546,8608071
DA:551,8519818
DA:553,8519818
DA:558,361522741
DA:560,361522741
DA:565,4206
DA:567,4206
DA:572,22543675
DA:574,22543675
DA:581,2
DA:583,2
DA:584,2
DA:589,4307711
DA:591,4307711
DA:596,383480322
DA:598,383480322
DA:599,383480322
DA:607,1540706
DA:610,1540706
DA:611,1540706
DA:612,1540706
DA:614,1540706
DA:616,1404114
DA:620,136592
DA:621,121959
DA:622,136592
DA:625,1540706
DA:630,32259658
DA:632,32259658
DA:637,0
DA:639,0
DA:640,0
DA:644,33620
DA:646,33620
DA:647,33620
DA:660,0
DA:662,0
DA:667,121279
DA:669,121279
DA:670,121279
DA:688,121284
DA:690,121284
DA:695,718397979
DA:697,718397979
DA:698,718397979
DA:702,33619
DA:704,33619
DA:705,33619
DA:709,361455507
DA:711,361455507
DA:716,560966712
DA:718,560966712
DA:719,560966712
DA:723,60231
DA:725,60231
DA:726,60231
DA:737,2
DA:739,2
DA:740,2
DA:741,0
DA:742,0
DA:743,2
DA:747,2102
DA:749,2102
DA:750,2102
DA:754,2
DA:757,2
DA:758,2
DA:759,0
DA:760,2
DA:764,22582519
DA:766,22582519
DA:767,22582519
DA:771,61053
DA:773,61053
DA:774,61053
DA:778,221609406
DA:780,221609406
DA:781,221609406
DA:785,1
DA:787,1
DA:788,1
DA:792,14103697
DA:794,14103697
DA:795,14103697
DA:807,14070079
DA:809,14070079
DA:810,14070079
DA:814,33617
DA:816,33617
DA:817,33617
DA:821,27139505
DA:823,27139505
DA:824,27139505
DA:828,491188292
DA:830,491188292
DA:831,491188292
DA:835,731456049
DA:837,731456049
DA:838,731456049
DA:842,731384609
DA:844,731384609
DA:845,731384609
DA:849,37822
DA:851,37822
DA:852,37822
DA:856,59745108
DA:858,59745108
DA:859,59745108
DA:870,361455507
DA:872,361455507
DA:873,361455507
DA:877,22543673
DA:879,22543673
DA:880,22543673
DA:884,9195865
DA:886,9195865
DA:887,9195865
DA:891,33616
DA:893,33616
DA:894,33616
DA:898,0
DA:900,0
DA:903,0
DA:905,0
DA:906,0
DA:907,0
DA:908,0
DA:910,0
DA:914,4208
DA:916,4208
DA:917,4208
DA:918,0
DA:919,4208
DA:934,0
DA:936,0
DA:937,0
DA:938,0
DA:939,0
DA:941,0
DA:942,0
DA:943,0
DA:944,0
DA:946,0
DA:950,3
DA:952,3
DA:953,3
DA:1072,0
DA:1074,0
DA:1075,0
DA:1079,24841589
DA:1081,24841589
DA:1082,24841589
DA:1093,1
DA:1095,1
DA:1096,1
DA:1100,33618
DA:1102,33618
DA:1103,33618
DA:1112,1
DA:1114,1
DA:1117,1
DA:1118,1
DA:1121,3
DA:1124,1
DA:1125,1
DA:1126,1
DA:1127,1
DA:1128,1
DA:1130,1
DA:1133,0
DA:1135,0
DA:1137,0
DA:1138,0
DA:1139,0
DA:1141,0
DA:1142,0
DA:1143,0
DA:1144,0
DA:1147,1
DA:1148,0
DA:1149,1
DA:1153,2
DA:1155,2
DA:1196,1
DA:1198,1
DA:1202,1
DA:1203,1
DA:1204,1
DA:1205,1
DA:1206,1
DA:1207,1
DA:1208,1
DA:1210,1
DA:1211,1
DA:1214,1
DA:1215,12
DA:1217,11
DA:1220,1
DA:1221,1
DA:1222,1
DA:1223,1
DA:1225,123
DA:1227,123
DA:1228,123
DA:1229,123
DA:1230,123
DA:1231,123
DA:1232,123
DA:1234,123
DA:1235,123
DA:1237,123
DA:1238,123
DA:1239,123
DA:1240,1
DA:1243,1
DA:1244,1
DA:1245,1
DA:1247,1
DA:1248,1
DA:1266,22543673
DA:1269,22543673
DA:1272,22543673
DA:1274,0
DA:1275,0
DA:1279,22543673
DA:1280,22543673
DA:1282,22543673
DA:1284,85858
DA:1285,85858
DA:1289,22457815
DA:1292,22457815
DA:1293,22457815
DA:1294,22457815
DA:1297,22457815
DA:1298,22457815
DA:1299,22457815
DA:1300,22457815
DA:1301,22457815
DA:1302,22457815
DA:1305,22457815
DA:1306,22457815
DA:1307,22457815
DA:1308,22457815
DA:1309,22457815
DA:1310,22457815
DA:1313,22457815
DA:1314,22457815
DA:1315,22457815
DA:1316,22457815
DA:1319,224593275
DA:1324,202135460
DA:1327,202135460
DA:1333,202135456
DA:1334,202135456
DA:1341,202135456
DA:1342,202135456
DA:1346,202135456
DA:1347,202135456
DA:1358,4
DA:1361,2
DA:1362,22
DA:1363,2
DA:1364,2
DA:1365,4
DA:1366,2
DA:1368,2
DA:1369,2
DA:1371,2
DA:1374,0
DA:1375,0
DA:1376,0
DA:1377,0
DA:1378,0
DA:1379,0
DA:1381,0
DA:1382,0
DA:1386,2
DA:1387,2
DA:1390,2
DA:1392,2
DA:1393,2
DA:1394,2
DA:1395,2
DA:1400,0
DA:1402,0
DA:1403,0
DA:1404,0
DA:1405,0
DA:1411,22457815
DA:1412,22457815
DA:1413,22457815
DA:1414,22457815
DA:1415,22457815
DA:1416,22457815
DA:1419,22543673
DA:1422,0
DA:1423,0
DA:1424,0
DA:1426,22543673
DA:1438,0
DA:1440,0
DA:1444,0
DA:1446,0
DA:1451,129687
DA:1453,129687
DA:1458,2
DA:1460,2
DA:1475,4234
DA:1477,4234
DA:1478,4234
DA:1496,4234
DA:1498,4234
DA:1499,4234
DA:1510,21014
DA:1512,21014
DA:1513,21014
DA:1514,21014
DA:1515,0
DA:1610,33616
DA:1611,67232
DA:1613,33616
DA:1614,33616
DA:1615,33616
DA:1616,33616
DA:1617,33616
DA:1618,33616
DA:1619,33616
DA:1621,16062597
DA:1628,16028981
DA:1629,16028981
DA:1631,16028981
DA:1632,10467104
DA:1635,5561877
DA:1636,5561877
DA:1639,16028981
DA:1640,10410340
DA:1643,5618641
DA:1644,5618641
DA:1647,16028981
DA:1649,16028981
DA:1650,16028981
DA:1653,33616
DA:1654,22883
DA:1655,33616
DA:1659,16102064
DA:1661,16102064
DA:1662,16039714
DA:1664,62350
DA:1669,16028981
DA:1671,16028981
DA:1672,16028981
LF:449
LH:363
end_of_record
TN:
SF:/home/ayush/Work/cychain-poc/include/bicycl/src/bicycl/qfi.hpp
FN:57,57,_ZN6BICYCL3QFIC2ERKS0_
FN:59,59,_ZN6BICYCL3QFIC2EOS0_
FN:62,62,_ZN6BICYCL3QFIaSERKS0_
FN:63,63,_ZN6BICYCL3QFIaSEOS0_
FNDA:280297,_ZN6BICYCL3QFIC2ERKS0_
FNDA:84224,_ZN6BICYCL3QFIC2EOS0_
FNDA:159737,_ZN6BICYCL3QFIaSERKS0_
FNDA:71305,_ZN6BICYCL3QFIaSEOS0_
FNF:4
FNH:4
DA:57,280297
DA:59,84224
DA:62,159737
DA:63,71305
LF:4
LH:4
end_of_record
TN:
SF:/home/ayush/Work/cychain-poc/include/bicycl/src/bicycl/qfi.inl
FN:115,118,_ZNK6BICYCL3QFI1aEv
FN:1162,1251,_ZN6BICYCL3QFI5nupowERS0_RKS0_RKNS_3MpzEmmS3_S3_S3_S6_
FN:122,125,_ZNK6BICYCL3QFI1bEv
FN:129,132,_ZNK6BICYCL3QFI1cEv
FN:1294,1309,_ZN6BICYCL10ClassGroupC2ERKNS_3MpzE
FN:1313,1316,_ZNK6BICYCL10ClassGroup12discriminantEv
FN:1320,1323,_ZNK6BICYCL10ClassGroup20default_nucomp_boundEv
FN:1334,1345,_ZNK6BICYCL10ClassGroup3oneEv
FN:1354,1364,_ZNK6BICYCL10ClassGroup9primeformERKNS_3MpzE
FN:138,146,_ZNK6BICYCL3QFI12discriminantEv
FN:1395,1439,_ZNK6BICYCL10ClassGroup18class_number_boundEv
FN:1442,1445,_ZNK6BICYCL10ClassGroup6nucompERNS_3QFIERKS1_S4_
FN:1448,1451,_ZNK6BICYCL10ClassGroup9nucompinvERNS_3QFIERKS1_S4_
FN:1454,1457,_ZNK6BICYCL10ClassGroup6nuduplERNS_3QFIERKS1_
FN:1474,1477,_ZNK6BICYCL10ClassGroup5nupowERNS_3QFIERKS1_RKNS_3MpzE
FN:1487,1491,_ZNK6BICYCL10ClassGroup5nupowERNS_3QFIERKS1_RKNS_3MpzEmmS4_S4_S4_
FN:152,155,_ZNK6BICYCL3QFI6is_oneEv
FN:172,176,_ZN6BICYCL3QFI3negEv
FN:250,258,_ZN6BICYCL3QFI4liftERKNS_3MpzE
FN:26,28,_ZN6BICYCL3QFIC2Ev
FN:264,271,_ZN6BICYCL3QFI9lift_2expEj
FN:291,303,_ZN6BICYCL3QFI16to_maximal_orderERKNS_3MpzES3_b
FN:312,328,_ZN6BICYCL3QFI21to_maximal_order_2expEjRKNS_3MpzEb
FN:32,55,_ZN6BICYCL3QFIC2ERKNS_3MpzES3_S3_b
FN:341,385,_ZNK6BICYCL3QFI21kernel_representativeERKNS_3MpzES3_
FN:397,435,_ZNK6BICYCL3QFI26kernel_representative_2expEmRKNS_3MpzE
FN:451,457,_ZN6BICYCL3QFI15set_c_from_discERKNS_3MpzE
FN:474,485,_ZN6BICYCL3QFI9normalizeERNS_3MpzES2_
FN:499,521,_ZN6BICYCL3QFI3rhoERNS_3MpzES2_
FN:531,535,_ZN6BICYCL3QFI9reductionEv
FN:538,548,_ZN6BICYCL3QFI9reductionERNS_3MpzES2_
FN:561,584,_ZN6BICYCL3QFI8prime_toERKNS_3MpzE
FN:590,610,_ZN6BICYCL3QFI13prime_to_2expEv
FN:684,818,_ZN6BICYCL3QFI6nucompERS0_RKS0_S3_RKNS_3MpzEbRNS0_10OpsAuxVarsE
FN:822,827,_ZN6BICYCL3QFI6nucompERS0_RKS0_S3_RKNS_3MpzEb
FN:862,955,_ZN6BICYCL3QFI6nuduplERS0_RKS0_RKNS_3MpzERNS0_10OpsAuxVarsE
FN:959,963,_ZN6BICYCL3QFI6nuduplERS0_RKS0_RKNS_3MpzE
FN:978,1064,_ZN6BICYCL3QFI5nupowERS0_RKS0_RKNS_3MpzES6_
FNDA:0,_ZNK6BICYCL3QFI1aEv
FNDA:33616,_ZN6BICYCL3QFI5nupowERS0_RKS0_RKNS_3MpzEmmS3_S3_S3_S6_
FNDA:2,_ZNK6BICYCL3QFI1bEv
FNDA:0,_ZNK6BICYCL3QFI1cEv
FNDA:33618,_ZN6BICYCL10ClassGroupC2ERKNS_3MpzE
FNDA:4207,_ZNK6BICYCL10ClassGroup12discriminantEv
FNDA:103770,_ZNK6BICYCL10ClassGroup20default_nucomp_boundEv
FNDA:33616,_ZNK6BICYCL10ClassGroup3oneEv
FNDA:1,_ZNK6BICYCL10ClassGroup9primeformERKNS_3MpzE
FNDA:33616,_ZNK6BICYCL3QFI12discriminantEv
FNDA:1,_ZNK6BICYCL10ClassGroup18class_number_boundEv
FNDA:50396,_ZNK6BICYCL10ClassGroup6nucompERNS_3QFIERKS1_S4_
FNDA:2,_ZNK6BICYCL10ClassGroup9nucompinvERNS_3QFIERKS1_S4_
FNDA:7151,_ZNK6BICYCL10ClassGroup6nuduplERNS_3QFIERKS1_
FNDA:12605,_ZNK6BICYCL10ClassGroup5nupowERNS_3QFIERKS1_RKNS_3MpzE
FNDA:33616,_ZNK6BICYCL10ClassGroup5nupowERNS_3QFIERKS1_RKNS_3MpzEmmS4_S4_S4_
FNDA:2,_ZNK6BICYCL3QFI6is_oneEv
FNDA:0,_ZN6BICYCL3QFI3negEv
FNDA:0,_ZN6BICYCL3QFI4liftERKNS_3MpzE
FNDA:1827892,_ZN6BICYCL3QFIC2Ev
FNDA:0,_ZN6BICYCL3QFI9lift_2expEj
FNDA:0,_ZN6BICYCL3QFI16to_maximal_orderERKNS_3MpzES3_b
FNDA:0,_ZN6BICYCL3QFI21to_maximal_order_2expEjRKNS_3MpzEb
FNDA:4205,_ZN6BICYCL3QFIC2ERKNS_3MpzES3_S3_b
FNDA:0,_ZNK6BICYCL3QFI21kernel_representativeERKNS_3MpzES3_
FNDA:0,_ZNK6BICYCL3QFI26kernel_representative_2expEmRKNS_3MpzE
FNDA:1,_ZN6BICYCL3QFI15set_c_from_discERKNS_3MpzE
FNDA:361455507,_ZN6BICYCL3QFI9normalizeERNS_3MpzES2_
FNDA:338911833,_ZN6BICYCL3QFI3rhoERNS_3MpzES2_
FNDA:1,_ZN6BICYCL3QFI9reductionEv
FNDA:22543674,_ZN6BICYCL3QFI9reductionERNS_3MpzES2_
FNDA:0,_ZN6BICYCL3QFI8prime_toERKNS_3MpzE
FNDA:0,_ZN6BICYCL3QFI13prime_to_2expEv
FNDA:8473594,_ZN6BICYCL3QFI6nucompERS0_RKS0_S3_RKNS_3MpzEbRNS0_10OpsAuxVarsE
FNDA:50398,_ZN6BICYCL3QFI6nucompERS0_RKS0_S3_RKNS_3MpzEb
FNDA:14070079,_ZN6BICYCL3QFI6nuduplERS0_RKS0_RKNS_3MpzERNS0_10OpsAuxVarsE
FNDA:7151,_ZN6BICYCL3QFI6nuduplERS0_RKS0_RKNS_3MpzE
FNDA:12605,_ZN6BICYCL3QFI5nupowERS0_RKS0_RKNS_3MpzES6_
FNF:38
FNH:27
DA:26,1827892
DA:28,1827892
DA:32,4205
DA:33,4205
DA:35,4205
DA:37,0
DA:38,0
DA:40,0
DA:41,0
DA:42,0
DA:43,0
DA:44,0
DA:46,0
DA:47,0
DA:49,0
DA:50,0
DA:52,0
DA:53,0
DA:54,0
DA:55,4205
DA:115,0
DA:117,0
DA:122,2
DA:124,2
DA:129,0
DA:131,0
DA:138,33616
DA:140,33616
DA:141,33616
DA:142,33616
DA:143,33616
DA:144,33616
DA:145,33616
DA:146,0
DA:152,2
DA:154,2
DA:172,0
DA:174,0
DA:175,0
DA:176,0
DA:250,0
DA:252,0
DA:254,0
DA:255,0
DA:256,0
DA:257,0
DA:258,0
DA:264,0
DA:266,0
DA:268,0
DA:269,0
DA:270,0
DA:271,0
DA:291,0
DA:294,0
DA:295,0
DA:296,0
DA:298,0
DA:299,0
DA:300,0
DA:301,0
DA:302,0
DA:303,0
DA:312,0
DA:315,0
DA:316,0
DA:317,0
DA:318,0
DA:319,0
DA:320,0
DA:321,0
DA:323,0
DA:324,0
DA:326,0
DA:327,0
DA:328,0
DA:341,0
DA:343,0
DA:346,0
DA:347,0
DA:356,0
DA:357,0
DA:358,0
DA:360,0
DA:361,0
DA:362,0
DA:363,0
DA:364,0
DA:366,0
DA:372,0
DA:373,0
DA:375,0
DA:376,0
DA:377,0
DA:379,0
DA:380,0
DA:381,0
DA:382,0
DA:384,0
DA:385,0
DA:397,0
DA:399,0
DA:400,0
DA:401,0
DA:405,0
DA:406,0
DA:407,0
DA:409,0
DA:410,0
DA:411,0
DA:412,0
DA:413,0
DA:415,0
DA:421,0
DA:422,0
DA:424,0
DA:425,0
DA:426,0
DA:428,0
DA:429,0
DA:430,0
DA:431,0
DA:432,0
DA:434,0
DA:435,0
DA:451,1
DA:453,1
DA:454,1
DA:455,1
DA:456,1
DA:457,1
DA:474,361455507
DA:476,361455507
DA:477,361455507
DA:478,182595532
DA:479,361455507
DA:481,361455507
DA:482,361455507
DA:483,361455507
DA:484,361455507
DA:485,361455507
DA:499,338911833
DA:504,338911833
DA:505,338911833
DA:506,338911833
DA:521,338911833
DA:531,1
DA:533,1
DA:534,1
DA:535,1
DA:538,22543674
DA:541,22543674
DA:543,361455507
DA:544,338911833
DA:546,22543674
DA:547,0
DA:548,22543674
DA:561,0
DA:563,0
DA:564,0
DA:565,0
DA:567,0
DA:568,0
DA:570,0
DA:571,0
DA:572,0
DA:573,0
DA:574,0
DA:575,0
DA:579,0
DA:580,0
DA:584,0
DA:590,0
DA:592,0
DA:594,0
DA:596,0
DA:597,0
DA:598,0
DA:599,0
DA:600,0
DA:601,0
DA:605,0
DA:606,0
DA:610,0
DA:684,8473594
DA:693,8473594
DA:695,8473594
DA:696,8473594
DA:697,8473594
DA:699,8473594
DA:701,3960560
DA:702,3960560
DA:703,3960560
DA:710,8473594
DA:714,8473594
DA:716,4165883
DA:717,4165883
DA:718,4165883
DA:720,4307711
DA:722,2009795
DA:723,2009795
DA:724,2009795
DA:728,2297916
DA:729,2297916
DA:730,2297916
DA:731,2297916
DA:732,2297916
DA:733,2297916
DA:734,2297916
DA:735,2297916
DA:736,2297916
DA:738,2297916
DA:740,2297916
DA:741,2297916
DA:742,2297916
DA:744,8473594
DA:745,8473594
DA:748,8473594
DA:753,8473594
DA:757,8473594
DA:758,8473594
DA:764,8473594
DA:765,8473594
DA:768,8473594
DA:769,8473594
DA:770,8473594
DA:772,8473594
DA:774,33616
DA:775,33616
DA:776,33616
DA:780,8439978
DA:781,8439978
DA:782,8439978
DA:786,8473594
DA:787,8473594
DA:788,8473594
DA:790,8473594
DA:791,8473594
DA:794,8473594
DA:797,8473594
DA:798,8473594
DA:801,8473594
DA:802,8473594
DA:805,8473594
DA:806,8473594
DA:807,8473594
DA:808,8473594
DA:813,8473594
DA:818,8473594
DA:822,50398
DA:825,50398
DA:826,50398
DA:827,50398
DA:862,14070079
DA:871,14070079
DA:877,14070079
DA:883,14070079
DA:885,0
DA:886,0
DA:890,14070079
DA:891,14070079
DA:895,14070079
DA:896,14070079
DA:899,14070079
DA:904,14070079
DA:905,14070079
DA:913,14070079
DA:914,14070079
DA:920,14070079
DA:921,14070079
DA:922,14070079
DA:924,14070079
DA:925,14070079
DA:926,14070079
DA:927,14070079
DA:928,14070079
DA:931,14070079
DA:934,14070079
DA:935,14070079
DA:938,14070079
DA:939,14070079
DA:942,14070079
DA:943,14070079
DA:944,14070079
DA:945,14070079
DA:950,14070079
DA:955,14070079
DA:959,7151
DA:961,7151
DA:962,7151
DA:963,7151
DA:978,12605
DA:980,12605
DA:982,0
DA:986,12605
DA:987,12605
DA:988,12605
DA:991,12605
DA:992,12605
DA:993,12605
DA:996,831930
DA:998,12605
DA:999,12605
DA:1000,403360
DA:1001,390755
DA:1003,12605
DA:1009,12605
DA:1010,12605
DA:1011,12605
DA:1012,12605
DA:1013,12605
DA:1014,12605
DA:1016,12605
DA:1017,12605
DA:1018,29307
DA:1019,16702
DA:1020,12605
DA:1024,1540706
DA:1026,1528101
DA:1027,1528101
DA:1028,1528101
DA:1030,1528101
DA:1032,776857
DA:1033,776857
DA:1037,751244
DA:1038,751244
DA:1039,751244
DA:1040,751244
DA:1042,751244
DA:1043,751244
DA:1044,751244
DA:1045,4448680
DA:1046,3697436
DA:1047,751244
DA:1048,751244
DA:1049,2276348
DA:1050,1525104
DA:1051,751244
DA:1055,12605
DA:1056,488
DA:1059,12605
DA:1061,0
DA:1063,428570
DA:1064,12605
DA:1162,33616
DA:1165,33616
DA:1167,0
DA:1169,33616
DA:1171,0
DA:1175,33616
DA:1176,33616
DA:1177,33616
DA:1179,33616
DA:1180,33616
DA:1183,33616
DA:1192,2756512
DA:1194,33616
DA:1195,33616
DA:1196,33616
DA:1197,33616
DA:1199,134464
DA:1201,705936
DA:1203,605088
DA:1204,605088
DA:1209,33616
DA:1210,33616
DA:1212,0
DA:1214,0
DA:1216,0
DA:1219,0
DA:1220,0
DA:1221,0
DA:1223,0
DA:1224,0
DA:1225,0
DA:1229,8067840
DA:1231,8034224
DA:1232,8034224
DA:1234,8034224
DA:1236,8034224
DA:1239,6070533
DA:1240,6070533
DA:1241,6070533
DA:1242,6070533
DA:1243,6070533
DA:1245,6070533
DA:1246,6070533
DA:1247,6070533
DA:1250,1411872
DA:1251,33616
DA:1294,33618
DA:1296,33618
DA:1297,0
DA:1299,33618
DA:1300,33618
DA:1301,0
DA:1307,33618
DA:1308,33618
DA:1309,33618
DA:1313,4207
DA:1315,4207
DA:1320,103770
DA:1322,103770
DA:1334,33616
DA:1336,33616
DA:1338,33616
DA:1339,33616
DA:1340,33616
DA:1341,33616
DA:1342,33616
DA:1344,33616
DA:1345,0
DA:1354,1
DA:1356,1
DA:1357,1
DA:1358,1
DA:1359,1
DA:1360,0
DA:1361,1
DA:1362,1
DA:1363,1
DA:1364,0
DA:1395,1
DA:1397,1
DA:1399,1
DA:1401,1
DA:1403,1
DA:1406,1
DA:1407,1
DA:1408,1
DA:1409,1
DA:1411,1
DA:1413,121280
DA:1415,121279
DA:1416,121279
DA:1417,60228
DA:1419,61051
DA:1420,121279
DA:1421,121279
DA:1422,121279
DA:1423,121279
DA:1426,1
DA:1427,1
DA:1428,1
DA:1429,1
DA:1430,1
DA:1431,1
DA:1432,1
DA:1434,1
DA:1436,1
DA:1437,1
DA:1438,1
DA:1442,50396
DA:1444,50396
DA:1445,50396
DA:1448,2
DA:1450,2
DA:1451,2
DA:1454,7151
DA:1456,7151
DA:1457,7151
DA:1474,12605
DA:1476,12605
DA:1477,12605
DA:1487,33616
DA:1490,33616
DA:1491,33616
LF:467
LH:311
end_of_record
TN:
SF:/home/ayush/Work/cychain-poc/src/CryptoUtils.cpp
FN:18,31,_ZN11CryptoUtils24hex_string_to_byte_arrayEPKcPhm
FN:33,38,_ZN11CryptoUtils11byte_to_hexEhPc
FN:40,47,_ZN11CryptoUtils24byte_array_to_hex_stringEPKhmPc
FN:49,54,_ZN11CryptoUtils11print_bytesEPhm
FN:56,63,_ZN11CryptoUtils15print_bignum256EP9bignum256
FN:65,70,_ZN11CryptoUtils10rand_bytesEPhm
FN:72,79,_ZN11CryptoUtils14rand_bignum256EPK9bignum256PS0_
FN:8,16,_ZN11CryptoUtils15hex_char_to_intEc
FNDA:3,_ZN11CryptoUtils24hex_string_to_byte_arrayEPKcPhm
FNDA:65,_ZN11CryptoUtils11byte_to_hexEhPc
FNDA:1,_ZN11CryptoUtils24byte_array_to_hex_stringEPKhmPc
FNDA:2,_ZN11CryptoUtils11print_bytesEPhm
FNDA:1,_ZN11CryptoUtils15print_bignum256EP9bignum256
FNDA:2101,_ZN11CryptoUtils10rand_bytesEPhm
FNDA:2101,_ZN11CryptoUtils14rand_bignum256EPK9bignum256PS0_
FNDA:258,_ZN11CryptoUtils15hex_char_to_intEc
FNF:8
FNH:8
DA:8,258
DA:9,258
DA:10,156
DA:11,102
DA:12,102
DA:13,0
DA:14,0
DA:15,0
DA:18,3
DA:19,3
DA:20,3
DA:21,0
DA:22,0
DA:24,3
DA:25,0
DA:26,0
DA:28,132
DA:29,129
DA:33,65
DA:34,65
DA:35,65
DA:36,65
DA:37,65
DA:38,65
DA:40,1
DA:41,1
DA:42,66
DA:44,65
DA:45,65
DA:47,1
DA:49,2
DA:50,131
DA:51,129
DA:53,2
DA:54,2
DA:56,1
DA:58,1
DA:59,33
DA:60,32
DA:62,1
DA:63,1
DA:65,2101
DA:66,2101
DA:67,0
DA:68,0
DA:70,2101
DA:72,2101
DA:74,2101
DA:75,2101
DA:76,2101
DA:77,0
DA:79,2101
LF:52
LH:42
end_of_record
TN:
SF:/home/ayush/Work/cychain-poc/src/PolicyContract.h
FN:7,7,_ZN14PolicyContractD0Ev
FN:7,7,_ZN14PolicyContractD2Ev
FNDA:0,_ZN14PolicyContractD0Ev
FNDA:1,_ZN14PolicyContractD2Ev
FNF:2
FNH:1
DA:7,1
LF:1
LH:1
end_of_record
TN:
SF:/home/ayush/Work/cychain-poc/src/ThreadPool.cpp
FN:11,11,_ZZZN10ThreadPoolC4EmENKUlvE_clEvENKUlvE_clEv
FN:27,35,_ZN10ThreadPoolD2Ev
FN:37,40,_ZN10ThreadPool4waitEv
FN:39,39,_ZZN10ThreadPool4waitEvENKUlvE_clEv
FN:4,25,_ZN10ThreadPoolC2Em
FN:6,23,_ZZN10ThreadPoolC4EmENKUlvE_clEv
FNDA:8568,_ZZZN10ThreadPoolC4EmENKUlvE_clEvENKUlvE_clEv
FNDA:1,_ZN10ThreadPoolD2Ev
FNDA:8,_ZN10ThreadPool4waitEv
FNDA:8426,_ZZN10ThreadPool4waitEvENKUlvE_clEv
FNDA:1,_ZN10ThreadPoolC2Em
FNDA:12,_ZZN10ThreadPoolC4EmENKUlvE_clEv
FNF:6
FNH:6
DA:4,1
DA:5,13
DA:6,12
DA:8,8460
DA:10,8460
DA:11,17028
DA:12,8460
DA:13,24
DA:14,8448
DA:15,8448
DA:16,8460
DA:18,8448
DA:19,8448
DA:20,8448
DA:21,8448
DA:22,16908
DA:25,1
DA:27,1
DA:29,1
DA:30,1
DA:31,1
DA:32,1
DA:33,13
DA:34,12
DA:35,1
DA:37,8
DA:38,8
DA:39,8434
DA:40,8
LF:29
LH:29
end_of_record
TN:
SF:/home/ayush/Work/cychain-poc/src/ThreadPool.h
FN:17,26,_ZN10ThreadPool7enqueueIM21AccessControlContractFvPKN6BICYCL3QFIEmmRS3_EJPS1_RS5_RmSB_St17reference_wrapperIS3_EEEEvOT_DpOT0_
FN:17,26,_ZN10ThreadPool7enqueueIM21AccessControlContractFvRSt6vectorISt5tupleIJN6BICYCL6_Utils17CL_HSM_CipherTextINS4_8CL_HSMqkEEE11curve_pointEESaISA_EEmmNS5_16CL_HSM_PublicKeyIS7_EERSA_EJPS1_St17reference_wrapperISC_ERmSM_RSF_SK_ISA_EEEEvOT_DpOT0_
FN:17,26,_ZN10ThreadPool7enqueueIM21AccessControlContractFvRSt6vectorISt5tupleIJN6BICYCL6_Utils17CL_HSM_CipherTextINS4_8CL_HSMqkEEES8_S8_EESaIS9_EEmmNS5_16CL_HSM_PublicKeyIS7_EERS9_EJPS1_St17reference_wrapperISB_ERmSL_RSE_SJ_IS9_EEEEvOT_DpOT0_
FN:17,26,_ZN10ThreadPool7enqueueIM4UserFvN6BICYCL8CL_HSMqkENS2_6_Utils16CL_HSM_PublicKeyIS3_EENS4_17CL_HSM_CipherTextIS3_EES8_RSt5tupleIJS8_S8_S8_EEEJPS1_RS3_RS6_RS8_SH_St17reference_wrapperISA_EEEEvOT_DpOT0_
FN:17,26,_ZN10ThreadPool7enqueueIM4UserFvN6BICYCL8CL_HSMqkENS2_6_Utils17CL_HSM_CipherTextIS3_EERNS2_3QFIEEJPS1_RS3_RS6_St17reference_wrapperIS7_EEEEvOT_DpOT0_
FN:17,26,_ZN10ThreadPool7enqueueIM4UserFvRN6BICYCL8CL_HSMqkERKNS2_6_Utils16CL_HSM_PublicKeyIS3_EERSt6vectorISt5tupleIJNS5_17CL_HSM_CipherTextIS3_EE11curve_pointEESaISF_EEPSt5mutexEJPS1_S4_RS7_St17reference_wrapperISH_ESK_EEEvOT_DpOT0_
FN:17,26,_ZN10ThreadPool7enqueueIM9ValidatorFvN6BICYCL8CL_HSMqkENS2_6_Utils16CL_HSM_PublicKeyIS3_EENS4_17CL_HSM_CipherTextIS3_EES8_RSt5tupleIJS8_S8_S8_EEEJPS1_RS3_RS6_RS8_SH_St17reference_wrapperISA_EEEEvOT_DpOT0_
FN:17,26,_ZN10ThreadPool7enqueueIM9ValidatorFvN6BICYCL8CL_HSMqkENS2_6_Utils16CL_HSM_PublicKeyIS3_EERSt5tupleIJNS4_17CL_HSM_CipherTextIS3_EE11curve_pointEEPSt5mutexEJPS1_RS3_RS6_St17reference_wrapperISB_ESE_EEEvOT_DpOT0_
FN:17,26,_ZN10ThreadPool7enqueueIM9ValidatorFvN6BICYCL8CL_HSMqkENS2_6_Utils17CL_HSM_CipherTextIS3_EERNS2_3QFIEEJPS1_RS3_RS6_St17reference_wrapperIS7_EEEEvOT_DpOT0_
FNDA:24,_ZN10ThreadPool7enqueueIM21AccessControlContractFvPKN6BICYCL3QFIEmmRS3_EJPS1_RS5_RmSB_St17reference_wrapperIS3_EEEEvOT_DpOT0_
FNDA:12,_ZN10ThreadPool7enqueueIM21AccessControlContractFvRSt6vectorISt5tupleIJN6BICYCL6_Utils17CL_HSM_CipherTextINS4_8CL_HSMqkEEE11curve_pointEESaISA_EEmmNS5_16CL_HSM_PublicKeyIS7_EERSA_EJPS1_St17reference_wrapperISC_ERmSM_RSF_SK_ISA_EEEEvOT_DpOT0_
FNDA:12,_ZN10ThreadPool7enqueueIM21AccessControlContractFvRSt6vectorISt5tupleIJN6BICYCL6_Utils17CL_HSM_CipherTextINS4_8CL_HSMqkEEES8_S8_EESaIS9_EEmmNS5_16CL_HSM_PublicKeyIS7_EERS9_EJPS1_St17reference_wrapperISB_ERmSL_RSE_SJ_IS9_EEEEvOT_DpOT0_
FNDA:100,_ZN10ThreadPool7enqueueIM4UserFvN6BICYCL8CL_HSMqkENS2_6_Utils16CL_HSM_PublicKeyIS3_EENS4_17CL_HSM_CipherTextIS3_EES8_RSt5tupleIJS8_S8_S8_EEEJPS1_RS3_RS6_RS8_SH_St17reference_wrapperISA_EEEEvOT_DpOT0_
FNDA:200,_ZN10ThreadPool7enqueueIM4UserFvN6BICYCL8CL_HSMqkENS2_6_Utils17CL_HSM_CipherTextIS3_EERNS2_3QFIEEJPS1_RS3_RS6_St17reference_wrapperIS7_EEEEvOT_DpOT0_
FNDA:100,_ZN10ThreadPool7enqueueIM4UserFvRN6BICYCL8CL_HSMqkERKNS2_6_Utils16CL_HSM_PublicKeyIS3_EERSt6vectorISt5tupleIJNS5_17CL_HSM_CipherTextIS3_EE11curve_pointEESaISF_EEPSt5mutexEJPS1_S4_RS7_St17reference_wrapperISH_ESK_EEEvOT_DpOT0_
FNDA:2000,_ZN10ThreadPool7enqueueIM9ValidatorFvN6BICYCL8CL_HSMqkENS2_6_Utils16CL_HSM_PublicKeyIS3_EENS4_17CL_HSM_CipherTextIS3_EES8_RSt5tupleIJS8_S8_S8_EEEJPS1_RS3_RS6_RS8_SH_St17reference_wrapperISA_EEEEvOT_DpOT0_
FNDA:2000,_ZN10ThreadPool7enqueueIM9ValidatorFvN6BICYCL8CL_HSMqkENS2_6_Utils16CL_HSM_PublicKeyIS3_EERSt5tupleIJNS4_17CL_HSM_CipherTextIS3_EE11curve_pointEEPSt5mutexEJPS1_RS3_RS6_St17reference_wrapperISB_ESE_EEEvOT_DpOT0_
FNDA:4000,_ZN10ThreadPool7enqueueIM9ValidatorFvN6BICYCL8CL_HSMqkENS2_6_Utils17CL_HSM_CipherTextIS3_EERNS2_3QFIEEJPS1_RS3_RS6_St17reference_wrapperIS7_EEEEvOT_DpOT0_
FNF:9
FNH:9
DA:17,8448
DA:18,8448
DA:20,8448
DA:21,8448
DA:22,0
DA:23,8448
DA:24,8448
DA:25,8448
DA:26,8448
LF:9
LH:8
end_of_record
TN:
SF:/home/ayush/Work/cychain-poc/src/cychain_sig_gen.cpp
FN:1004,1018,_ZN9UserGroup21participate_in_round3ENSt7__cxx1112basic_stringIcSt11char_traitsIcESaIcEEEPN6BICYCL3QFIES8_mP10ThreadPool
FN:1021,1235,main
FN:125,140,_ZN21AccessControlContract10get_policyERKNSt7__cxx1112basic_stringIcSt11char_traitsIcESaIcEEE
FN:143,158,_ZN21AccessControlContract14get_public_keyERKNSt7__cxx1112basic_stringIcSt11char_traitsIcESaIcEEE
FN:161,176,_ZN21AccessControlContract15get_cipher_textERKNSt7__cxx1112basic_stringIcSt11char_traitsIcESaIcEEE
FN:179,194,_ZN21AccessControlContract20get_verification_keyERKNSt7__cxx1112basic_stringIcSt11char_traitsIcESaIcEEE
FN:196,217,_ZN21AccessControlContract11add_r1_dataERSt6vectorISt5tupleIJN6BICYCL6_Utils17CL_HSM_CipherTextINS2_8CL_HSMqkEEE11curve_pointEESaIS8_EEmmNS3_16CL_HSM_PublicKeyIS5_EERS8_
FN:219,270,_ZN21AccessControlContract17upload_ug_r1_dataERKNSt7__cxx1112basic_stringIcSt11char_traitsIcESaIcEEEjS5_St6vectorISt5tupleIJN6BICYCL6_Utils17CL_HSM_CipherTextINSA_8CL_HSMqkEEE11curve_pointEESaISG_EE
FN:273,336,_ZN21AccessControlContract17upload_vn_r1_dataERKNSt7__cxx1112basic_stringIcSt11char_traitsIcESaIcEEESt6vectorISt5tupleIJN6BICYCL6_Utils17CL_HSM_CipherTextINSA_8CL_HSMqkEEE11curve_pointEESaISG_EEP10ThreadPool
FN:339,347,_ZN21AccessControlContract19get_active_requestsB5cxx11Ev
FN:350,360,_ZN21AccessControlContract15get_round1_dataERKNSt7__cxx1112basic_stringIcSt11char_traitsIcESaIcEEE
FN:362,381,_ZN21AccessControlContract11add_r2_dataERSt6vectorISt5tupleIJN6BICYCL6_Utils17CL_HSM_CipherTextINS2_8CL_HSMqkEEES6_S6_EESaIS7_EEmmNS3_16CL_HSM_PublicKeyIS5_EERS7_
FN:383,453,_ZN21AccessControlContract14upload_r2_dataENSt7__cxx1112basic_stringIcSt11char_traitsIcESaIcEEERSt6vectorISt5tupleIJN6BICYCL6_Utils17CL_HSM_CipherTextINS8_8CL_HSMqkEEESC_SC_EESaISD_EEP10ThreadPool
FN:40,54,_ZN20GroupsPolicyContract16check_complianceEjNSt7__cxx1112basic_stringIcSt11char_traitsIcESaIcEEE
FN:455,465,_ZN21AccessControlContract15get_round2_dataERKNSt7__cxx1112basic_stringIcSt11char_traitsIcESaIcEEE
FN:467,477,_ZN21AccessControlContract15nucomp_parallelEPKN6BICYCL3QFIEmmRS1_
FN:479,512,_ZN21AccessControlContract32agg_partial_decryptions_parallelEPKN6BICYCL3QFIEmRKNS0_6_Utils17CL_HSM_CipherTextINS0_8CL_HSMqkEEEP10ThreadPool
FN:514,546,_ZN21AccessControlContract14upload_r3_dataENSt7__cxx1112basic_stringIcSt11char_traitsIcESaIcEEEPN6BICYCL3QFIES8_mP10ThreadPool
FN:548,558,_ZN21AccessControlContract15get_round3_dataERKNSt7__cxx1112basic_stringIcSt11char_traitsIcESaIcEEE
FN:569,573,_ZN9Validator24set_decryption_key_shareEN6BICYCL3MpzE
FN:575,601,_ZN9Validator15compute_r1_dataEN6BICYCL8CL_HSMqkENS0_6_Utils16CL_HSM_PublicKeyIS1_EERSt5tupleIJNS2_17CL_HSM_CipherTextIS1_EE11curve_pointEEPSt5mutex
FN:603,619,_ZN9Validator15compute_r2_dataEN6BICYCL8CL_HSMqkENS0_6_Utils16CL_HSM_PublicKeyIS1_EENS2_17CL_HSM_CipherTextIS1_EES6_RSt5tupleIJS6_S6_S6_EE
FN:621,629,_ZN9Validator15compute_r3_dataEN6BICYCL8CL_HSMqkENS0_6_Utils17CL_HSM_CipherTextIS1_EERNS0_3QFIE
FN:642,645,_ZN16ValidatorNetworkC2EiP21AccessControlContractN6BICYCL8CL_HSMqkE
FN:647,650,_ZN16ValidatorNetwork4sizeEv
FN:655,685,_ZN16ValidatorNetwork22mock_dkg_and_setup_accEv
FN:687,690,_ZN16ValidatorNetwork18check_sig_requestsB5cxx11Ev
FN:692,725,_ZN16ValidatorNetwork21participate_in_round1ENSt7__cxx1112basic_stringIcSt11char_traitsIcESaIcEEEP10ThreadPool
FN:71,73,_ZN21AccessControlContractC2EN6BICYCL8CL_HSMqkE
FN:727,746,_ZN16ValidatorNetwork21participate_in_round2ENSt7__cxx1112basic_stringIcSt11char_traitsIcESaIcEEERSt6vectorISt5tupleIJN6BICYCL6_Utils17CL_HSM_CipherTextINS8_8CL_HSMqkEEESC_SC_EESaISD_EEmP10ThreadPool
FN:748,762,_ZN16ValidatorNetwork21participate_in_round3ENSt7__cxx1112basic_stringIcSt11char_traitsIcESaIcEEEPN6BICYCL3QFIES8_mP10ThreadPool
FN:76,85,_ZN21AccessControlContract18set_encryption_keyERKN6BICYCL6_Utils16CL_HSM_PublicKeyINS0_8CL_HSMqkEEE
FN:774,779,_ZN4User24set_decryption_key_shareEjN6BICYCL3MpzE
FN:781,806,_ZN4User15compute_r1_dataERN6BICYCL8CL_HSMqkERKNS0_6_Utils16CL_HSM_PublicKeyIS1_EERSt6vectorISt5tupleIJNS3_17CL_HSM_CipherTextIS1_EE11curve_pointEESaISD_EEPSt5mutex
FN:809,826,_ZN4User15compute_r2_dataEN6BICYCL8CL_HSMqkENS0_6_Utils16CL_HSM_PublicKeyIS1_EENS2_17CL_HSM_CipherTextIS1_EES6_RSt5tupleIJS6_S6_S6_EE
FN:828,836,_ZN4User15compute_r3_dataEN6BICYCL8CL_HSMqkENS0_6_Utils17CL_HSM_CipherTextIS1_EERNS0_3QFIE
FN:853,859,_ZN9UserGroupC2EiP14PolicyContractP21AccessControlContractN6BICYCL8CL_HSMqkE
FN:861,864,_ZN9UserGroup4sizeEv
FN:870,944,_ZN9UserGroup27mock_dkg_and_register_groupB5cxx11Ev
FN:88,95,_ZN21AccessControlContract18get_encryption_keyEv
FN:946,983,_ZN9UserGroup29initiate_signature_generationENSt7__cxx1112basic_stringIcSt11char_traitsIcESaIcEEEP10ThreadPool
FN:98,122,_ZN21AccessControlContract19register_user_groupB5cxx11EP14PolicyContractRKN6BICYCL6_Utils16CL_HSM_PublicKeyINS2_8CL_HSMqkEEERKNS3_17CL_HSM_CipherTextIS5_EEPh
FN:985,1002,_ZN9UserGroup21participate_in_round2ENSt7__cxx1112basic_stringIcSt11char_traitsIcESaIcEEERSt6vectorISt5tupleIJN6BICYCL6_Utils17CL_HSM_CipherTextINS8_8CL_HSMqkEEESC_SC_EESaISD_EEmP10ThreadPool
FNDA:1,_ZN9UserGroup21participate_in_round3ENSt7__cxx1112basic_stringIcSt11char_traitsIcESaIcEEEPN6BICYCL3QFIES8_mP10ThreadPool
FNDA:1,main
FNDA:1,_ZN21AccessControlContract10get_policyERKNSt7__cxx1112basic_stringIcSt11char_traitsIcESaIcEEE
FNDA:6,_ZN21AccessControlContract14get_public_keyERKNSt7__cxx1112basic_stringIcSt11char_traitsIcESaIcEEE
FNDA:2,_ZN21AccessControlContract15get_cipher_textERKNSt7__cxx1112basic_stringIcSt11char_traitsIcESaIcEEE
FNDA:1,_ZN21AccessControlContract20get_verification_keyERKNSt7__cxx1112basic_stringIcSt11char_traitsIcESaIcEEE
FNDA:12,_ZN21AccessControlContract11add_r1_dataERSt6vectorISt5tupleIJN6BICYCL6_Utils17CL_HSM_CipherTextINS2_8CL_HSMqkEEE11curve_pointEESaIS8_EEmmNS3_16CL_HSM_PublicKeyIS5_EERS8_
FNDA:1,_ZN21AccessControlContract17upload_ug_r1_dataERKNSt7__cxx1112basic_stringIcSt11char_traitsIcESaIcEEEjS5_St6vectorISt5tupleIJN6BICYCL6_Utils17CL_HSM_CipherTextINSA_8CL_HSMqkEEE11curve_pointEESaISG_EE
FNDA:1,_ZN21AccessControlContract17upload_vn_r1_dataERKNSt7__cxx1112basic_stringIcSt11char_traitsIcESaIcEEESt6vectorISt5tupleIJN6BICYCL6_Utils17CL_HSM_CipherTextINSA_8CL_HSMqkEEE11curve_pointEESaISG_EEP10ThreadPool
FNDA:1,_ZN21AccessControlContract19get_active_requestsB5cxx11Ev
FNDA:6,_ZN21AccessControlContract15get_round1_dataERKNSt7__cxx1112basic_stringIcSt11char_traitsIcESaIcEEE
FNDA:12,_ZN21AccessControlContract11add_r2_dataERSt6vectorISt5tupleIJN6BICYCL6_Utils17CL_HSM_CipherTextINS2_8CL_HSMqkEEES6_S6_EESaIS7_EEmmNS3_16CL_HSM_PublicKeyIS5_EERS7_
FNDA:1,_ZN21AccessControlContract14upload_r2_dataENSt7__cxx1112basic_stringIcSt11char_traitsIcESaIcEEERSt6vectorISt5tupleIJN6BICYCL6_Utils17CL_HSM_CipherTextINS8_8CL_HSMqkEEESC_SC_EESaISD_EEP10ThreadPool
FNDA:1,_ZN20GroupsPolicyContract16check_complianceEjNSt7__cxx1112basic_stringIcSt11char_traitsIcESaIcEEE
FNDA:3,_ZN21AccessControlContract15get_round2_dataERKNSt7__cxx1112basic_stringIcSt11char_traitsIcESaIcEEE
FNDA:24,_ZN21AccessControlContract15nucomp_parallelEPKN6BICYCL3QFIEmmRS1_
FNDA:2,_ZN21AccessControlContract32agg_partial_decryptions_parallelEPKN6BICYCL3QFIEmRKNS0_6_Utils17CL_HSM_CipherTextINS0_8CL_HSMqkEEEP10ThreadPool
FNDA:1,_ZN21AccessControlContract14upload_r3_dataENSt7__cxx1112basic_stringIcSt11char_traitsIcESaIcEEEPN6BICYCL3QFIES8_mP10ThreadPool
FNDA:1,_ZN21AccessControlContract15get_round3_dataERKNSt7__cxx1112basic_stringIcSt11char_traitsIcESaIcEEE
FNDA:2000,_ZN9Validator24set_decryption_key_shareEN6BICYCL3MpzE
FNDA:2000,_ZN9Validator15compute_r1_dataEN6BICYCL8CL_HSMqkENS0_6_Utils16CL_HSM_PublicKeyIS1_EERSt5tupleIJNS2_17CL_HSM_CipherTextIS1_EE11curve_pointEEPSt5mutex
FNDA:2000,_ZN9Validator15compute_r2_dataEN6BICYCL8CL_HSMqkENS0_6_Utils16CL_HSM_PublicKeyIS1_EENS2_17CL_HSM_CipherTextIS1_EES6_RSt5tupleIJS6_S6_S6_EE
FNDA:4000,_ZN9Validator15compute_r3_dataEN6BICYCL8CL_HSMqkENS0_6_Utils17CL_HSM_CipherTextIS1_EERNS0_3QFIE
FNDA:1,_ZN16ValidatorNetworkC2EiP21AccessControlContractN6BICYCL8CL_HSMqkE
FNDA:2104,_ZN16ValidatorNetwork4sizeEv
FNDA:1,_ZN16ValidatorNetwork22mock_dkg_and_setup_accEv
FNDA:1,_ZN16ValidatorNetwork18check_sig_requestsB5cxx11Ev
FNDA:1,_ZN16ValidatorNetwork21participate_in_round1ENSt7__cxx1112basic_stringIcSt11char_traitsIcESaIcEEEP10ThreadPool
FNDA:1,_ZN21AccessControlContractC2EN6BICYCL8CL_HSMqkE
FNDA:1,_ZN16ValidatorNetwork21participate_in_round2ENSt7__cxx1112basic_stringIcSt11char_traitsIcESaIcEEERSt6vectorISt5tupleIJN6BICYCL6_Utils17CL_HSM_CipherTextINS8_8CL_HSMqkEEESC_SC_EESaISD_EEmP10ThreadPool
FNDA:1,_ZN16ValidatorNetwork21participate_in_round3ENSt7__cxx1112basic_stringIcSt11char_traitsIcESaIcEEEPN6BICYCL3QFIES8_mP10ThreadPool
FNDA:1,_ZN21AccessControlContract18set_encryption_keyERKN6BICYCL6_Utils16CL_HSM_PublicKeyINS0_8CL_HSMqkEEE
FNDA:100,_ZN4User24set_decryption_key_shareEjN6BICYCL3MpzE
FNDA:100,_ZN4User15compute_r1_dataERN6BICYCL8CL_HSMqkERKNS0_6_Utils16CL_HSM_PublicKeyIS1_EERSt6vectorISt5tupleIJNS3_17CL_HSM_CipherTextIS1_EE11curve_pointEESaISD_EEPSt5mutex
FNDA:100,_ZN4User15compute_r2_dataEN6BICYCL8CL_HSMqkENS0_6_Utils16CL_HSM_PublicKeyIS1_EENS2_17CL_HSM_CipherTextIS1_EES6_RSt5tupleIJS6_S6_S6_EE
FNDA:200,_ZN4User15compute_r3_dataEN6BICYCL8CL_HSMqkENS0_6_Utils17CL_HSM_CipherTextIS1_EERNS0_3QFIE
FNDA:1,_ZN9UserGroupC2EiP14PolicyContractP21AccessControlContractN6BICYCL8CL_HSMqkE
FNDA:2106,_ZN9UserGroup4sizeEv
FNDA:1,_ZN9UserGroup27mock_dkg_and_register_groupB5cxx11Ev
FNDA:1,_ZN21AccessControlContract18get_encryption_keyEv
FNDA:1,_ZN9UserGroup29initiate_signature_generationENSt7__cxx1112basic_stringIcSt11char_traitsIcESaIcEEEP10ThreadPool
FNDA:1,_ZN21AccessControlContract19register_user_groupB5cxx11EP14PolicyContractRKN6BICYCL6_Utils16CL_HSM_PublicKeyINS2_8CL_HSMqkEEERKNS3_17CL_HSM_CipherTextIS5_EEPh
FNDA:1,_ZN9UserGroup21participate_in_round2ENSt7__cxx1112basic_stringIcSt11char_traitsIcESaIcEEERSt6vectorISt5tupleIJN6BICYCL6_Utils17CL_HSM_CipherTextINS8_8CL_HSMqkEEESC_SC_EESaISD_EEmP10ThreadPool
FNF:43
FNH:43
DA:40,1
DA:42,2
DA:43,1
DA:45,1
DA:47,1
DA:49,0
DA:53,1
DA:54,1
DA:71,1
DA:72,1
DA:73,2
DA:76,1
DA:78,1
DA:80,0
DA:83,1
DA:84,1
DA:85,1
DA:88,1
DA:90,1
DA:92,0
DA:94,1
DA:98,1
DA:100,1
DA:102,0
DA:105,1
DA:107,1
DA:108,1
DA:109,1
DA:110,1
DA:112,1
DA:114,1
DA:115,1
DA:118,2
DA:121,1
DA:122,1
DA:125,1
DA:127,1
DA:129,0
DA:132,1
DA:134,1
DA:138,0
DA:143,6
DA:145,6
DA:147,0
DA:150,6
DA:152,6
DA:156,0
DA:161,2
DA:163,2
DA:165,0
DA:168,2
DA:170,2
DA:174,0
DA:179,1
DA:181,1
DA:183,0
DA:186,1
DA:188,1
DA:192,0
DA:196,12
DA:201,12
DA:202,12
DA:205,12
DA:208,12
DA:210,2000
DA:212,1988
DA:213,1988
DA:216,12
DA:217,12
DA:219,1
DA:223,1
DA:225,0
DA:228,1
DA:230,1
DA:231,1
DA:233,0
DA:236,1
DA:237,1
DA:239,0
DA:242,1
DA:243,1
DA:244,1
DA:247,1
DA:250,1
DA:252,1
DA:254,100
DA:256,99
DA:257,99
DA:261,1
DA:262,1
DA:263,1
DA:264,1
DA:266,1
DA:267,1
DA:269,1
DA:270,1
DA:273,1
DA:275,1
DA:277,0
DA:280,1
DA:282,0
DA:285,1
DA:286,1
DA:287,1
DA:290,1
DA:291,1
DA:293,1
DA:294,1
DA:297,1
DA:300,13
DA:302,12
DA:306,13
DA:307,12
DA:308,12
DA:309,12
DA:311,12
DA:315,1
DA:318,1
DA:319,1
DA:321,12
DA:322,11
DA:323,11
DA:326,1
DA:327,1
DA:328,1
DA:329,1
DA:331,1
DA:334,1
DA:335,1
DA:336,1
DA:339,1
DA:341,1
DA:342,2
DA:344,1
DA:346,1
DA:347,0
DA:350,6
DA:352,6
DA:354,6
DA:358,0
DA:362,12
DA:367,12
DA:369,12
DA:370,12
DA:371,12
DA:373,2100
DA:375,2088
DA:376,2088
DA:377,2088
DA:380,12
DA:381,12
DA:383,1
DA:385,1
DA:387,0
DA:389,1
DA:391,1
DA:393,1
DA:394,1
DA:395,1
DA:398,1
DA:399,1
DA:401,1
DA:402,1
DA:405,1
DA:407,13
DA:409,12
DA:413,13
DA:414,12
DA:415,12
DA:416,12
DA:418,12
DA:422,1
DA:425,1
DA:426,1
DA:427,1
DA:429,12
DA:430,11
DA:431,11
DA:432,11
DA:436,1
DA:438,1
DA:439,1
DA:442,1
DA:443,1
DA:444,1
DA:446,1
DA:448,2
DA:449,1
DA:450,2
DA:452,1
DA:453,1
DA:455,3
DA:457,3
DA:459,3
DA:463,0
DA:467,24
DA:472,24
DA:473,4200
DA:475,4176
DA:477,24
DA:479,2
DA:484,2
DA:487,2
DA:488,2
DA:490,52
DA:493,26
DA:494,24
DA:495,24
DA:496,24
DA:498,24
DA:502,2
DA:503,2
DA:505,24
DA:507,22
DA:510,2
DA:511,4
DA:512,32
DA:514,1
DA:516,1
DA:518,0
DA:521,1
DA:523,1
DA:524,1
DA:526,1
DA:527,1
DA:529,1
DA:530,1
DA:532,1
DA:533,1
DA:534,1
DA:537,1
DA:538,1
DA:541,1
DA:542,1
DA:544,1
DA:545,1
DA:546,1
DA:548,1
DA:550,1
DA:552,1
DA:556,0
DA:569,2000
DA:571,2000
DA:572,2000
DA:573,2000
DA:575,2000
DA:580,2000
DA:582,2000
DA:586,2000
DA:589,2000
DA:591,2000
DA:592,2000
DA:594,2000
DA:595,2000
DA:597,2000
DA:598,2000
DA:600,2000
DA:601,2000
DA:603,2000
DA:609,2000
DA:610,2000
DA:612,2000
DA:613,2000
DA:615,2000
DA:616,2000
DA:618,2000
DA:619,2000
DA:621,4000
DA:625,4000
DA:626,4000
DA:628,4000
DA:629,4000
DA:642,3
DA:644,1
DA:645,1
DA:647,2104
DA:649,2104
DA:655,1
DA:657,1
DA:659,0
DA:662,1
DA:664,1
DA:667,1
DA:669,1
DA:670,1
DA:672,1
DA:673,2001
DA:675,2000
DA:676,2000
DA:677,2000
DA:678,2000
DA:680,1
DA:681,1
DA:683,1
DA:684,1
DA:685,1
DA:687,1
DA:689,1
DA:692,1
DA:694,1
DA:696,1
DA:698,1
DA:700,1
DA:702,1
DA:703,1
DA:706,2001
DA:708,2000
DA:711,1
DA:713,1
DA:714,1
DA:716,2001
DA:718,2000
DA:719,2000
DA:722,1
DA:724,2
DA:725,1
DA:727,1
DA:729,1
DA:731,1
DA:733,1
DA:735,1
DA:737,1
DA:739,1
DA:740,1
DA:741,2001
DA:743,2000
DA:744,2000
DA:746,1
DA:748,1
DA:750,1
DA:752,1
DA:754,1
DA:755,1
DA:756,2001
DA:758,2000
DA:759,2000
DA:760,2000
DA:762,1
DA:774,100
DA:776,100
DA:777,100
DA:778,100
DA:779,100
DA:781,100
DA:786,100
DA:788,100
DA:791,100
DA:794,100
DA:796,100
DA:797,100
DA:799,100
DA:800,100
DA:802,100
DA:803,100
DA:805,100
DA:806,100
DA:809,100
DA:816,100
DA:817,100
DA:819,100
DA:820,100
DA:822,100
DA:823,100
DA:825,100
DA:826,100
DA:828,200
DA:832,200
DA:833,200
DA:835,200
DA:836,200
DA:853,2
DA:854,1
DA:855,2
DA:856,1
DA:858,1
DA:859,1
DA:861,2106
DA:863,2106
DA:870,1
DA:872,1
DA:874,0
DA:877,1
DA:880,1
DA:882,1
DA:883,1
DA:885,1
DA:887,1
DA:888,1
DA:889,101
DA:891,100
DA:892,100
DA:893,100
DA:894,100
DA:895,100
DA:897,1
DA:898,1
DA:900,1
DA:902,1
DA:904,1
DA:905,1
DA:907,1
DA:910,1
DA:912,1
DA:913,1
DA:916,1
DA:918,1
DA:922,1
DA:924,1
DA:926,1
DA:927,1
DA:930,1
DA:933,1
DA:934,1
DA:937,1
DA:938,1
DA:940,1
DA:941,1
DA:943,2
DA:944,1
DA:946,1
DA:948,1
DA:950,0
DA:954,1
DA:957,1
DA:960,1
DA:961,1
DA:964,1
DA:966,1
DA:967,1
DA:969,1
DA:971,1
DA:972,1
DA:973,101
DA:975,100
DA:976,100
DA:979,1
DA:981,1
DA:982,2
DA:983,1
DA:985,1
DA:988,1
DA:989,1
DA:992,1
DA:993,1
DA:995,1
DA:996,1
DA:997,101
DA:999,100
DA:1000,100
DA:1002,1
DA:1004,1
DA:1007,1
DA:1008,1
DA:1010,1
DA:1011,1
DA:1012,101
DA:1014,100
DA:1015,100
DA:1016,100
DA:1018,1
DA:1021,1
DA:1024,1
DA:1025,0
DA:1026,0
DA:1030,1
DA:1031,1
DA:1032,1
DA:1035,1
DA:1036,0
DA:1037,0
DA:1040,1
DA:1041,1
DA:1042,1
DA:1044,1
DA:1045,1
DA:1048,1
DA:1049,1
DA:1051,1
DA:1053,1
DA:1054,2
DA:1055,0
DA:1056,0
DA:1059,1
DA:1060,1
DA:1061,1
DA:1063,1
DA:1065,1
DA:1066,1
DA:1067,1
DA:1068,1
DA:1069,1
DA:1071,1
DA:1072,1
DA:1074,1
DA:1075,1
DA:1077,1
DA:1078,1
DA:1079,1
DA:1080,1
DA:1082,1
DA:1083,1
DA:1084,1
DA:1085,1
DA:1086,1
DA:1088,1
DA:1089,1
DA:1091,1
DA:1093,1
DA:1094,1
DA:1096,1
DA:1097,1
DA:1098,1
DA:1099,1
DA:1101,1
DA:1102,1
DA:1103,1
DA:1104,1
DA:1105,1
DA:1107,1
DA:1108,1
DA:1109,1
DA:1111,1
DA:1112,1
DA:1114,1
DA:1115,1
DA:1118,1
DA:1119,2
DA:1121,1
DA:1122,1
DA:1124,1
DA:1125,1
DA:1127,1
DA:1128,1
DA:1130,1
DA:1131,1
DA:1132,1
DA:1134,1
DA:1135,1
DA:1136,1
DA:1139,1
DA:1140,1
DA:1143,1
DA:1145,2101
DA:1147,2100
DA:1150,1
DA:1151,1
DA:1153,1
DA:1154,1
DA:1157,1
DA:1159,1
DA:1160,1
DA:1162,1
DA:1163,1
DA:1165,1
DA:1166,1
DA:1167,1
DA:1169,1
DA:1170,1
DA:1171,1
DA:1174,1
DA:1175,4202
DA:1176,4202
DA:1178,1
DA:1179,1
DA:1181,1
DA:1182,1
DA:1185,1
DA:1187,1
DA:1188,1
DA:1190,1
DA:1191,1
DA:1193,1
DA:1195,1
DA:1196,1
DA:1197,1
DA:1199,1
DA:1200,1
DA:1201,1
DA:1202,1
DA:1204,1
DA:1205,1
DA:1210,1
DA:1211,1
DA:1212,1
DA:1215,1
DA:1216,1
DA:1217,1
DA:1220,1
DA:1223,1
DA:1225,1
DA:1227,1
DA:1231,0
DA:1234,1
DA:1235,4205
LF:594
LH:561
end_of_record
TN:
SF:/usr/include/c++/14.2.1/atomic
FN:838,838,_ZNSt6atomicIiEC2Ei
FNDA:1,_ZNSt6atomicIiEC2Ei
FNF:1
FNH:1
DA:838,1
LF:1
LH:1
end_of_record
TN:
SF:/usr/include/c++/14.2.1/bits/alloc_traits.h
FNF:0
FNH:0
DA:478,34194
DA:513,34194
DA:534,12704
DA:538,12704
DA:558,8467
DA:570,34211
DA:584,2
DA:944,56539
DA:945,56539
LF:9
LH:9
end_of_record
TN:
SF:/usr/include/c++/14.2.1/bits/allocator.h
FNF:0
FNH:0
DA:161,37836
DA:166,67240
DA:176,14
DA:182,71458
LF:4
LH:4
end_of_record
TN:
SF:/usr/include/c++/14.2.1/bits/atomic_base.h
FN:109,112,_ZStanSt12memory_orderSt23__memory_order_modifier
FN:358,358,_ZNSt13__atomic_baseIiEC2Ei
FN:360,361,_ZNKSt13__atomic_baseIiEcviEv
FN:397,398,_ZNSt13__atomic_baseIiEppEv
FN:405,406,_ZNSt13__atomic_baseIiEmmEv
FNDA:92,_ZStanSt12memory_orderSt23__memory_order_modifier
FNDA:1,_ZNSt13__atomic_baseIiEC2Ei
FNDA:92,_ZNKSt13__atomic_baseIiEcviEv
FNDA:8448,_ZNSt13__atomic_baseIiEppEv
FNDA:8448,_ZNSt13__atomic_baseIiEmmEv
FNF:5
FNH:5
DA:109,92
DA:111,92
DA:358,1
DA:360,92
DA:361,92
DA:397,8448
DA:398,8448
DA:405,8448
DA:406,8448
DA:497,92
DA:498,92
DA:499,92
DA:501,92
LF:13
LH:13
end_of_record
TN:
SF:/usr/include/c++/14.2.1/bits/basic_string.h
FN:3682,3684,_ZStplIcSt11char_traitsIcESaIcEENSt7__cxx1112basic_stringIT_T0_T1_EEOS8_RKS8_
FN:3696,3714,_ZStplIcSt11char_traitsIcESaIcEENSt7__cxx1112basic_stringIT_T0_T1_EEOS8_S9_
FN:3719,3721,_ZStplIcSt11char_traitsIcESaIcEENSt7__cxx1112basic_stringIT_T0_T1_EEPKS5_OS8_
FN:3733,3735,_ZStplIcSt11char_traitsIcESaIcEENSt7__cxx1112basic_stringIT_T0_T1_EEOS8_PKS5_
FN:3874,3877,_ZStltIcSt11char_traitsIcESaIcEEbRKNSt7__cxx1112basic_stringIT_T0_T1_EESA_
FN:4240,4255,_ZNSt7__cxx119to_stringEi
FN:4249,4253,_ZZNSt7__cxx119to_stringEiENKUlPcmE_clES0_m
FN:646,655,_ZNSt7__cxx1112basic_stringIcSt11char_traitsIcESaIcEEC2IS3_EEPKcRKS3_
FNDA:0,_ZStplIcSt11char_traitsIcESaIcEENSt7__cxx1112basic_stringIT_T0_T1_EEOS8_RKS8_
FNDA:0,_ZStplIcSt11char_traitsIcESaIcEENSt7__cxx1112basic_stringIT_T0_T1_EEOS8_S9_
FNDA:2,_ZStplIcSt11char_traitsIcESaIcEENSt7__cxx1112basic_stringIT_T0_T1_EEPKS5_OS8_
FNDA:0,_ZStplIcSt11char_traitsIcESaIcEENSt7__cxx1112basic_stringIT_T0_T1_EEOS8_PKS5_
FNDA:86,_ZStltIcSt11char_traitsIcESaIcEEbRKNSt7__cxx1112basic_stringIT_T0_T1_EESA_
FNDA:2,_ZNSt7__cxx119to_stringEi
FNDA:2,_ZZNSt7__cxx119to_stringEiENKUlPcmE_clES0_m
FNDA:4206,_ZNSt7__cxx1112basic_stringIcSt11char_traitsIcESaIcEEC2IS3_EEPKcRKS3_
FNF:8
FNH:5
DA:360,4202
DA:646,4206
DA:647,4206
DA:650,4206
DA:651,0
DA:653,4206
DA:654,4206
DA:655,4206
DA:3682,0
DA:3684,0
DA:3696,0
DA:3701,0
DA:3703,0
DA:3706,0
DA:3709,0
DA:3710,0
DA:3711,0
DA:3713,0
DA:3719,2
DA:3721,2
DA:3733,0
DA:3735,0
DA:3874,86
DA:3877,86
DA:4240,2
DA:4245,2
DA:4246,2
DA:4247,2
DA:4248,2
DA:4249,2
DA:4250,2
DA:4251,2
DA:4252,2
DA:4254,2
LF:34
LH:21
end_of_record
TN:
SF:/usr/include/c++/14.2.1/bits/basic_string.tcc
FN:221,252,_ZNSt7__cxx1112basic_stringIcSt11char_traitsIcESaIcEE12_M_constructIPKcEEvT_S8_St20forward_iterator_tag
FN:221,252,_ZNSt7__cxx1112basic_stringIcSt11char_traitsIcESaIcEE12_M_constructIPcEEvT_S7_St20forward_iterator_tag
FN:239,239,_ZZNSt7__cxx1112basic_stringIcSt11char_traitsIcESaIcEE12_M_constructIPKcEEvT_S8_St20forward_iterator_tagEN6_GuardC2EPS4_
FN:239,239,_ZZNSt7__cxx1112basic_stringIcSt11char_traitsIcESaIcEE12_M_constructIPcEEvT_S7_St20forward_iterator_tagEN6_GuardC2EPS4_
FN:242,242,_ZZNSt7__cxx1112basic_stringIcSt11char_traitsIcESaIcEE12_M_constructIPKcEEvT_S8_St20forward_iterator_tagEN6_GuardD2Ev
FN:242,242,_ZZNSt7__cxx1112basic_stringIcSt11char_traitsIcESaIcEE12_M_constructIPcEEvT_S7_St20forward_iterator_tagEN6_GuardD2Ev
FN:583,613,_ZNSt7__cxx1112basic_stringIcSt11char_traitsIcESaIcEE22__resize_and_overwriteIZNS_9to_stringEiEUlPcmE_EEvmT_
FN:597,597,_ZZNSt7__cxx1112basic_stringIcSt11char_traitsIcESaIcEE22__resize_and_overwriteIZNS_9to_stringEiEUlPcmE_EEvmT_EN11_TerminatorD2Ev
FNDA:4206,_ZNSt7__cxx1112basic_stringIcSt11char_traitsIcESaIcEE12_M_constructIPKcEEvT_S8_St20forward_iterator_tag
FNDA:0,_ZNSt7__cxx1112basic_stringIcSt11char_traitsIcESaIcEE12_M_constructIPcEEvT_S7_St20forward_iterator_tag
FNDA:4206,_ZZNSt7__cxx1112basic_stringIcSt11char_traitsIcESaIcEE12_M_constructIPKcEEvT_S8_St20forward_iterator_tagEN6_GuardC2EPS4_
FNDA:0,_ZZNSt7__cxx1112basic_stringIcSt11char_traitsIcESaIcEE12_M_constructIPcEEvT_S7_St20forward_iterator_tagEN6_GuardC2EPS4_
FNDA:4206,_ZZNSt7__cxx1112basic_stringIcSt11char_traitsIcESaIcEE12_M_constructIPKcEEvT_S8_St20forward_iterator_tagEN6_GuardD2Ev
FNDA:0,_ZZNSt7__cxx1112basic_stringIcSt11char_traitsIcESaIcEE12_M_constructIPcEEvT_S7_St20forward_iterator_tagEN6_GuardD2Ev
FNDA:2,_ZNSt7__cxx1112basic_stringIcSt11char_traitsIcESaIcEE22__resize_and_overwriteIZNS_9to_stringEiEUlPcmE_EEvmT_
FNDA:2,_ZZNSt7__cxx1112basic_stringIcSt11char_traitsIcESaIcEE22__resize_and_overwriteIZNS_9to_stringEiEUlPcmE_EEvmT_EN11_TerminatorD2Ev
FNF:8
FNH:5
DA:221,4206
DA:225,4206
DA:227,4206
DA:229,4
DA:230,4
DA:239,4206
DA:242,4206
DA:245,4206
DA:247,4206
DA:249,4206
DA:251,4206
DA:252,4206
DA:583,2
DA:590,2
DA:591,2
DA:597,2
DA:601,2
DA:602,2
DA:610,2
DA:611,2
DA:612,0
DA:613,2
LF:22
LH:21
end_of_record
TN:
SF:/usr/include/c++/14.2.1/bits/char_traits.h
FN:136,137,_ZN9__gnu_cxx11char_traitsIcE2eqERKcS3_
FN:199,206,_ZN9__gnu_cxx11char_traitsIcE6lengthEPKc
FN:385,392,_ZNSt11char_traitsIcE6lengthEPKc
FN:419,428,_ZNSt11char_traitsIcE4copyEPcPKcm
FNDA:0,_ZN9__gnu_cxx11char_traitsIcE2eqERKcS3_
FNDA:0,_ZN9__gnu_cxx11char_traitsIcE6lengthEPKc
FNDA:4206,_ZNSt11char_traitsIcE6lengthEPKc
FNDA:0,_ZNSt11char_traitsIcE4copyEPcPKcm
FNF:4
FNH:1
DA:136,0
DA:137,0
DA:199,0
DA:202,0
DA:203,0
DA:204,0
DA:205,0
DA:385,4206
DA:388,4206
DA:389,0
DA:391,4206
DA:419,0
DA:421,0
DA:422,0
DA:427,0
LF:15
LH:3
end_of_record
TN:
SF:/usr/include/c++/14.2.1/bits/charconv.h
FN:55,74,_ZNSt8__detail14__to_chars_lenIjEEjT_i
FN:81,110,_ZNSt8__detail18__to_chars_10_implIjEEvPcjT_
FNDA:2,_ZNSt8__detail14__to_chars_lenIjEEjT_i
FNDA:2,_ZNSt8__detail18__to_chars_10_implIjEEvPcjT_
FNF:2
FNH:2
DA:55,2
DA:61,2
DA:62,2
DA:63,2
DA:64,2
DA:67,4
DA:68,4
DA:69,2
DA:70,2
DA:71,2
DA:72,2
DA:81,2
DA:87,2
DA:93,2
DA:94,6
DA:96,4
DA:97,4
DA:98,4
DA:99,4
DA:100,4
DA:102,2
DA:104,2
DA:105,2
DA:106,2
DA:109,0
DA:110,2
LF:26
LH:25
end_of_record
TN:
SF:/usr/include/c++/14.2.1/bits/chrono.h
FN:1141,1143,_ZNSt6chronomiINS_3_V212system_clockENS_8durationIlSt5ratioILl1ELl1000000000EEEES6_EENSt11common_typeIJT0_T1_EE4typeERKNS_10time_pointIT_S8_EERKNSC_ISD_S9_EE
FN:210,215,_ZNSt6chrono20__duration_cast_implINS_8durationIlSt5ratioILl1ELl1000EEEES2_ILl1ELl1000000EElLb1ELb0EE6__castIlS2_ILl1ELl1000000000EEEES4_RKNS1_IT_T0_EE
FN:275,293,_ZNSt6chrono13duration_castINS_8durationIlSt5ratioILl1ELl1000EEEElS2_ILl1ELl1000000000EEEENSt9enable_ifIXsrNS_13__is_durationIT_EE5valueES8_E4typeERKNS1_IT0_T1_EE
FN:573,574,_ZNSt6chrono8durationIlSt5ratioILl1ELl1000000000EEEC2IlvEERKT_
FN:573,574,_ZNSt6chrono8durationIlSt5ratioILl1ELl1000EEEC2IlvEERKT_
FN:589,590,_ZNKSt6chrono8durationIlSt5ratioILl1ELl1000000000EEE5countEv
FN:589,590,_ZNKSt6chrono8durationIlSt5ratioILl1ELl1000EEE5countEv
FN:710,717,_ZNSt6chronomiIlSt5ratioILl1ELl1000000000EElS2_EENSt11common_typeIJNS_8durationIT_T0_EENS4_IT1_T2_EEEE4typeERKS7_RKSA_
FN:949,950,_ZNKSt6chrono10time_pointINS_3_V212system_clockENS_8durationIlSt5ratioILl1ELl1000000000EEEEE16time_since_epochEv
FNDA:6,_ZNSt6chronomiINS_3_V212system_clockENS_8durationIlSt5ratioILl1ELl1000000000EEEES6_EENSt11common_typeIJT0_T1_EE4typeERKNS_10time_pointIT_S8_EERKNSC_ISD_S9_EE
FNDA:6,_ZNSt6chrono20__duration_cast_implINS_8durationIlSt5ratioILl1ELl1000EEEES2_ILl1ELl1000000EElLb1ELb0EE6__castIlS2_ILl1ELl1000000000EEEES4_RKNS1_IT_T0_EE
FNDA:6,_ZNSt6chrono13duration_castINS_8durationIlSt5ratioILl1ELl1000EEEElS2_ILl1ELl1000000000EEEENSt9enable_ifIXsrNS_13__is_durationIT_EE5valueES8_E4typeERKNS1_IT0_T1_EE
FNDA:6,_ZNSt6chrono8durationIlSt5ratioILl1ELl1000000000EEEC2IlvEERKT_
FNDA:6,_ZNSt6chrono8durationIlSt5ratioILl1ELl1000EEEC2IlvEERKT_
FNDA:18,_ZNKSt6chrono8durationIlSt5ratioILl1ELl1000000000EEE5countEv
FNDA:6,_ZNKSt6chrono8durationIlSt5ratioILl1ELl1000EEE5countEv
FNDA:6,_ZNSt6chronomiIlSt5ratioILl1ELl1000000000EElS2_EENSt11common_typeIJNS_8durationIT_T0_EENS4_IT1_T2_EEEE4typeERKS7_RKSA_
FNDA:12,_ZNKSt6chrono10time_pointINS_3_V212system_clockENS_8durationIlSt5ratioILl1ELl1000000000EEEEE16time_since_epochEv
FNF:9
FNH:9
DA:210,6
DA:213,12
DA:214,6
DA:275,6
DA:289,6
DA:573,12
DA:574,12
DA:589,24
DA:590,24
DA:710,6
DA:716,6
DA:949,12
DA:950,12
DA:1141,6
DA:1143,6
LF:15
LH:15
end_of_record
TN:
SF:/usr/include/c++/14.2.1/bits/cpp_type_traits.h
FN:607,608,_ZSt12__miter_baseIPPSt8functionIFvvEEET_S5_
FNDA:18,_ZSt12__miter_baseIPPSt8functionIFvvEEET_S5_
FNF:1
FNH:1
DA:607,18
DA:608,18
LF:2
LH:2
end_of_record
TN:
SF:/usr/include/c++/14.2.1/bits/deque.tcc
FN:164,180,_ZNSt5dequeISt8functionIFvvEESaIS2_EE12emplace_backIJSt5_BindIFM21AccessControlContractFvPKN6BICYCL3QFIEmmRS9_EPS7_SB_mmSt17reference_wrapperIS9_EEEEEERS2_DpOT_
FN:164,180,_ZNSt5dequeISt8functionIFvvEESaIS2_EE12emplace_backIJSt5_BindIFM21AccessControlContractFvRSt6vectorISt5tupleIJN6BICYCL6_Utils17CL_HSM_CipherTextINSA_8CL_HSMqkEEE11curve_pointEESaISG_EEmmNSB_16CL_HSM_PublicKeyISD_EERSG_EPS7_St17reference_wrapperISI_EmmSL_SQ_ISG_EEEEEERS2_DpOT_
FN:164,180,_ZNSt5dequeISt8functionIFvvEESaIS2_EE12emplace_backIJSt5_BindIFM21AccessControlContractFvRSt6vectorISt5tupleIJN6BICYCL6_Utils17CL_HSM_CipherTextINSA_8CL_HSMqkEEESE_SE_EESaISF_EEmmNSB_16CL_HSM_PublicKeyISD_EERSF_EPS7_St17reference_wrapperISH_EmmSK_SP_ISF_EEEEEERS2_DpOT_
FN:164,180,_ZNSt5dequeISt8functionIFvvEESaIS2_EE12emplace_backIJSt5_BindIFM4UserFvN6BICYCL8CL_HSMqkENS8_6_Utils16CL_HSM_PublicKeyIS9_EENSA_17CL_HSM_CipherTextIS9_EESE_RSt5tupleIJSE_SE_SE_EEEPS7_S9_SC_SE_SE_St17reference_wrapperISG_EEEEEERS2_DpOT_
FN:164,180,_ZNSt5dequeISt8functionIFvvEESaIS2_EE12emplace_backIJSt5_BindIFM4UserFvN6BICYCL8CL_HSMqkENS8_6_Utils17CL_HSM_CipherTextIS9_EERNS8_3QFIEEPS7_S9_SC_St17reference_wrapperISD_EEEEEERS2_DpOT_
FN:164,180,_ZNSt5dequeISt8functionIFvvEESaIS2_EE12emplace_backIJSt5_BindIFM4UserFvRN6BICYCL8CL_HSMqkERKNS8_6_Utils16CL_HSM_PublicKeyIS9_EERSt6vectorISt5tupleIJNSB_17CL_HSM_CipherTextIS9_EE11curve_pointEESaISL_EEPSt5mutexEPS7_S9_SD_St17reference_wrapperISN_ESQ_EEEEERS2_DpOT_
FN:164,180,_ZNSt5dequeISt8functionIFvvEESaIS2_EE12emplace_backIJSt5_BindIFM9ValidatorFvN6BICYCL8CL_HSMqkENS8_6_Utils16CL_HSM_PublicKeyIS9_EENSA_17CL_HSM_CipherTextIS9_EESE_RSt5tupleIJSE_SE_SE_EEEPS7_S9_SC_SE_SE_St17reference_wrapperISG_EEEEEERS2_DpOT_
FN:164,180,_ZNSt5dequeISt8functionIFvvEESaIS2_EE12emplace_backIJSt5_BindIFM9ValidatorFvN6BICYCL8CL_HSMqkENS8_6_Utils16CL_HSM_PublicKeyIS9_EERSt5tupleIJNSA_17CL_HSM_CipherTextIS9_EE11curve_pointEEPSt5mutexEPS7_S9_SC_St17reference_wrapperISH_ESK_EEEEERS2_DpOT_
FN:164,180,_ZNSt5dequeISt8functionIFvvEESaIS2_EE12emplace_backIJSt5_BindIFM9ValidatorFvN6BICYCL8CL_HSMqkENS8_6_Utils17CL_HSM_CipherTextIS9_EERNS8_3QFIEEPS7_S9_SC_St17reference_wrapperISD_EEEEEERS2_DpOT_
FN:484,516,_ZNSt5dequeISt8functionIFvvEESaIS2_EE16_M_push_back_auxIJSt5_BindIFM21AccessControlContractFvPKN6BICYCL3QFIEmmRS9_EPS7_SB_mmSt17reference_wrapperIS9_EEEEEEvDpOT_
FN:484,516,_ZNSt5dequeISt8functionIFvvEESaIS2_EE16_M_push_back_auxIJSt5_BindIFM21AccessControlContractFvRSt6vectorISt5tupleIJN6BICYCL6_Utils17CL_HSM_CipherTextINSA_8CL_HSMqkEEE11curve_pointEESaISG_EEmmNSB_16CL_HSM_PublicKeyISD_EERSG_EPS7_St17reference_wrapperISI_EmmSL_SQ_ISG_EEEEEEvDpOT_
FN:484,516,_ZNSt5dequeISt8functionIFvvEESaIS2_EE16_M_push_back_auxIJSt5_BindIFM21AccessControlContractFvRSt6vectorISt5tupleIJN6BICYCL6_Utils17CL_HSM_CipherTextINSA_8CL_HSMqkEEESE_SE_EESaISF_EEmmNSB_16CL_HSM_PublicKeyISD_EERSF_EPS7_St17reference_wrapperISH_EmmSK_SP_ISF_EEEEEEvDpOT_
FN:484,516,_ZNSt5dequeISt8functionIFvvEESaIS2_EE16_M_push_back_auxIJSt5_BindIFM4UserFvN6BICYCL8CL_HSMqkENS8_6_Utils16CL_HSM_PublicKeyIS9_EENSA_17CL_HSM_CipherTextIS9_EESE_RSt5tupleIJSE_SE_SE_EEEPS7_S9_SC_SE_SE_St17reference_wrapperISG_EEEEEEvDpOT_
FN:484,516,_ZNSt5dequeISt8functionIFvvEESaIS2_EE16_M_push_back_auxIJSt5_BindIFM4UserFvN6BICYCL8CL_HSMqkENS8_6_Utils17CL_HSM_CipherTextIS9_EERNS8_3QFIEEPS7_S9_SC_St17reference_wrapperISD_EEEEEEvDpOT_
FN:484,516,_ZNSt5dequeISt8functionIFvvEESaIS2_EE16_M_push_back_auxIJSt5_BindIFM4UserFvRN6BICYCL8CL_HSMqkERKNS8_6_Utils16CL_HSM_PublicKeyIS9_EERSt6vectorISt5tupleIJNSB_17CL_HSM_CipherTextIS9_EE11curve_pointEESaISL_EEPSt5mutexEPS7_S9_SD_St17reference_wrapperISN_ESQ_EEEEEvDpOT_
FN:484,516,_ZNSt5dequeISt8functionIFvvEESaIS2_EE16_M_push_back_auxIJSt5_BindIFM9ValidatorFvN6BICYCL8CL_HSMqkENS8_6_Utils16CL_HSM_PublicKeyIS9_EENSA_17CL_HSM_CipherTextIS9_EESE_RSt5tupleIJSE_SE_SE_EEEPS7_S9_SC_SE_SE_St17reference_wrapperISG_EEEEEEvDpOT_
FN:484,516,_ZNSt5dequeISt8functionIFvvEESaIS2_EE16_M_push_back_auxIJSt5_BindIFM9ValidatorFvN6BICYCL8CL_HSMqkENS8_6_Utils16CL_HSM_PublicKeyIS9_EERSt5tupleIJNSA_17CL_HSM_CipherTextIS9_EE11curve_pointEEPSt5mutexEPS7_S9_SC_St17reference_wrapperISH_ESK_EEEEEvDpOT_
FN:484,516,_ZNSt5dequeISt8functionIFvvEESaIS2_EE16_M_push_back_auxIJSt5_BindIFM9ValidatorFvN6BICYCL8CL_HSMqkENS8_6_Utils17CL_HSM_CipherTextIS9_EERNS8_3QFIEEPS7_S9_SC_St17reference_wrapperISD_EEEEEEvDpOT_
FN:576,584,_ZNSt5dequeISt8functionIFvvEESaIS2_EE16_M_pop_front_auxEv
FN:859,877,_ZNSt5dequeISt8functionIFvvEESaIS2_EE19_M_destroy_data_auxESt15_Deque_iteratorIS2_RS2_PS2_ES8_
FN:931,973,_ZNSt5dequeISt8functionIFvvEESaIS2_EE17_M_reallocate_mapEmb
FNDA:24,_ZNSt5dequeISt8functionIFvvEESaIS2_EE12emplace_backIJSt5_BindIFM21AccessControlContractFvPKN6BICYCL3QFIEmmRS9_EPS7_SB_mmSt17reference_wrapperIS9_EEEEEERS2_DpOT_
FNDA:12,_ZNSt5dequeISt8functionIFvvEESaIS2_EE12emplace_backIJSt5_BindIFM21AccessControlContractFvRSt6vectorISt5tupleIJN6BICYCL6_Utils17CL_HSM_CipherTextINSA_8CL_HSMqkEEE11curve_pointEESaISG_EEmmNSB_16CL_HSM_PublicKeyISD_EERSG_EPS7_St17reference_wrapperISI_EmmSL_SQ_ISG_EEEEEERS2_DpOT_
FNDA:12,_ZNSt5dequeISt8functionIFvvEESaIS2_EE12emplace_backIJSt5_BindIFM21AccessControlContractFvRSt6vectorISt5tupleIJN6BICYCL6_Utils17CL_HSM_CipherTextINSA_8CL_HSMqkEEESE_SE_EESaISF_EEmmNSB_16CL_HSM_PublicKeyISD_EERSF_EPS7_St17reference_wrapperISH_EmmSK_SP_ISF_EEEEEERS2_DpOT_
FNDA:100,_ZNSt5dequeISt8functionIFvvEESaIS2_EE12emplace_backIJSt5_BindIFM4UserFvN6BICYCL8CL_HSMqkENS8_6_Utils16CL_HSM_PublicKeyIS9_EENSA_17CL_HSM_CipherTextIS9_EESE_RSt5tupleIJSE_SE_SE_EEEPS7_S9_SC_SE_SE_St17reference_wrapperISG_EEEEEERS2_DpOT_
FNDA:200,_ZNSt5dequeISt8functionIFvvEESaIS2_EE12emplace_backIJSt5_BindIFM4UserFvN6BICYCL8CL_HSMqkENS8_6_Utils17CL_HSM_CipherTextIS9_EERNS8_3QFIEEPS7_S9_SC_St17reference_wrapperISD_EEEEEERS2_DpOT_
FNDA:100,_ZNSt5dequeISt8functionIFvvEESaIS2_EE12emplace_backIJSt5_BindIFM4UserFvRN6BICYCL8CL_HSMqkERKNS8_6_Utils16CL_HSM_PublicKeyIS9_EERSt6vectorISt5tupleIJNSB_17CL_HSM_CipherTextIS9_EE11curve_pointEESaISL_EEPSt5mutexEPS7_S9_SD_St17reference_wrapperISN_ESQ_EEEEERS2_DpOT_
FNDA:2000,_ZNSt5dequeISt8functionIFvvEESaIS2_EE12emplace_backIJSt5_BindIFM9ValidatorFvN6BICYCL8CL_HSMqkENS8_6_Utils16CL_HSM_PublicKeyIS9_EENSA_17CL_HSM_CipherTextIS9_EESE_RSt5tupleIJSE_SE_SE_EEEPS7_S9_SC_SE_SE_St17reference_wrapperISG_EEEEEERS2_DpOT_
FNDA:2000,_ZNSt5dequeISt8functionIFvvEESaIS2_EE12emplace_backIJSt5_BindIFM9ValidatorFvN6BICYCL8CL_HSMqkENS8_6_Utils16CL_HSM_PublicKeyIS9_EERSt5tupleIJNSA_17CL_HSM_CipherTextIS9_EE11curve_pointEEPSt5mutexEPS7_S9_SC_St17reference_wrapperISH_ESK_EEEEERS2_DpOT_
FNDA:4000,_ZNSt5dequeISt8functionIFvvEESaIS2_EE12emplace_backIJSt5_BindIFM9ValidatorFvN6BICYCL8CL_HSMqkENS8_6_Utils17CL_HSM_CipherTextIS9_EERNS8_3QFIEEPS7_S9_SC_St17reference_wrapperISD_EEEEEERS2_DpOT_
FNDA:2,_ZNSt5dequeISt8functionIFvvEESaIS2_EE16_M_push_back_auxIJSt5_BindIFM21AccessControlContractFvPKN6BICYCL3QFIEmmRS9_EPS7_SB_mmSt17reference_wrapperIS9_EEEEEEvDpOT_
FNDA:1,_ZNSt5dequeISt8functionIFvvEESaIS2_EE16_M_push_back_auxIJSt5_BindIFM21AccessControlContractFvRSt6vectorISt5tupleIJN6BICYCL6_Utils17CL_HSM_CipherTextINSA_8CL_HSMqkEEE11curve_pointEESaISG_EEmmNSB_16CL_HSM_PublicKeyISD_EERSG_EPS7_St17reference_wrapperISI_EmmSL_SQ_ISG_EEEEEEvDpOT_
FNDA:1,_ZNSt5dequeISt8functionIFvvEESaIS2_EE16_M_push_back_auxIJSt5_BindIFM21AccessControlContractFvRSt6vectorISt5tupleIJN6BICYCL6_Utils17CL_HSM_CipherTextINSA_8CL_HSMqkEEESE_SE_EESaISF_EEmmNSB_16CL_HSM_PublicKeyISD_EERSF_EPS7_St17reference_wrapperISH_EmmSK_SP_ISF_EEEEEEvDpOT_
FNDA:6,_ZNSt5dequeISt8functionIFvvEESaIS2_EE16_M_push_back_auxIJSt5_BindIFM4UserFvN6BICYCL8CL_HSMqkENS8_6_Utils16CL_HSM_PublicKeyIS9_EENSA_17CL_HSM_CipherTextIS9_EESE_RSt5tupleIJSE_SE_SE_EEEPS7_S9_SC_SE_SE_St17reference_wrapperISG_EEEEEEvDpOT_
FNDA:12,_ZNSt5dequeISt8functionIFvvEESaIS2_EE16_M_push_back_auxIJSt5_BindIFM4UserFvN6BICYCL8CL_HSMqkENS8_6_Utils17CL_HSM_CipherTextIS9_EERNS8_3QFIEEPS7_S9_SC_St17reference_wrapperISD_EEEEEEvDpOT_
FNDA:6,_ZNSt5dequeISt8functionIFvvEESaIS2_EE16_M_push_back_auxIJSt5_BindIFM4UserFvRN6BICYCL8CL_HSMqkERKNS8_6_Utils16CL_HSM_PublicKeyIS9_EERSt6vectorISt5tupleIJNSB_17CL_HSM_CipherTextIS9_EE11curve_pointEESaISL_EEPSt5mutexEPS7_S9_SD_St17reference_wrapperISN_ESQ_EEEEEvDpOT_
FNDA:125,_ZNSt5dequeISt8functionIFvvEESaIS2_EE16_M_push_back_auxIJSt5_BindIFM9ValidatorFvN6BICYCL8CL_HSMqkENS8_6_Utils16CL_HSM_PublicKeyIS9_EENSA_17CL_HSM_CipherTextIS9_EESE_RSt5tupleIJSE_SE_SE_EEEPS7_S9_SC_SE_SE_St17reference_wrapperISG_EEEEEEvDpOT_
FNDA:125,_ZNSt5dequeISt8functionIFvvEESaIS2_EE16_M_push_back_auxIJSt5_BindIFM9ValidatorFvN6BICYCL8CL_HSMqkENS8_6_Utils16CL_HSM_PublicKeyIS9_EERSt5tupleIJNSA_17CL_HSM_CipherTextIS9_EE11curve_pointEEPSt5mutexEPS7_S9_SC_St17reference_wrapperISH_ESK_EEEEEvDpOT_
FNDA:250,_ZNSt5dequeISt8functionIFvvEESaIS2_EE16_M_push_back_auxIJSt5_BindIFM9ValidatorFvN6BICYCL8CL_HSMqkENS8_6_Utils17CL_HSM_CipherTextIS9_EERNS8_3QFIEEPS7_S9_SC_St17reference_wrapperISD_EEEEEEvDpOT_
FNDA:528,_ZNSt5dequeISt8functionIFvvEESaIS2_EE16_M_pop_front_auxEv
FNDA:1,_ZNSt5dequeISt8functionIFvvEESaIS2_EE19_M_destroy_data_auxESt15_Deque_iteratorIS2_RS2_PS2_ES8_
FNDA:9,_ZNSt5dequeISt8functionIFvvEESaIS2_EE17_M_reallocate_mapEmb
FNF:21
FNH:21
DA:164,8448
DA:167,8448
DA:168,8448
DA:170,7920
DA:173,7920
DA:176,528
DA:178,8448
DA:484,528
DA:492,528
DA:493,0
DA:496,528
DA:497,528
DA:501,528
DA:507,528
DA:509,528
DA:511,0
DA:513,0
DA:514,0
DA:516,528
DA:576,528
DA:579,528
DA:581,528
DA:582,528
DA:583,528
DA:584,528
DA:859,1
DA:862,1
DA:863,1
DA:864,0
DA:865,0
DA:867,1
DA:869,0
DA:870,0
DA:871,0
DA:872,0
DA:875,1
DA:876,1
DA:877,1
DA:931,9
DA:934,9
DA:935,9
DA:936,9
DA:939,9
DA:941,6
DA:942,3
DA:943,3
DA:944,3
DA:945,3
DA:946,3
DA:949,0
DA:950,0
DA:951,0
DA:955,12
DA:956,6
DA:959,6
DA:960,12
DA:961,6
DA:962,6
DA:963,6
DA:965,6
DA:967,6
DA:968,6
DA:971,9
DA:972,9
DA:973,9
LF:65
LH:52
end_of_record
TN:
[...]
FNDA:12,_ZNSt11_Tuple_implILm3EJmN6BICYCL6_Utils16CL_HSM_PublicKeyINS0_8CL_HSMqkEEESt17reference_wrapperISt5tupleIJNS1_17CL_HSM_CipherTextIS3_EE11curve_pointEEEEEC2IRmJRS4_SB_EvEEOT_DpOT0_
FNDA:12,_ZNSt11_Tuple_implILm3EJmN6BICYCL6_Utils16CL_HSM_PublicKeyINS0_8CL_HSMqkEEESt17reference_wrapperISt5tupleIJNS1_17CL_HSM_CipherTextIS3_EES8_S8_EEEEEC2IRmJRS4_SA_EvEEOT_DpOT0_
FNDA:24,_ZNSt11_Tuple_implILm3EJmSt17reference_wrapperIN6BICYCL3QFIEEEEC2IRmJS3_EvEEOT_DpOT0_
FNDA:12,_ZNSt11_Tuple_implILm4EJN6BICYCL6_Utils16CL_HSM_PublicKeyINS0_8CL_HSMqkEEESt17reference_wrapperISt5tupleIJNS1_17CL_HSM_CipherTextIS3_EE11curve_pointEEEEEC2IRS4_JSB_EvEEOT_DpOT0_
FNDA:12,_ZNSt11_Tuple_implILm4EJN6BICYCL6_Utils16CL_HSM_PublicKeyINS0_8CL_HSMqkEEESt17reference_wrapperISt5tupleIJNS1_17CL_HSM_CipherTextIS3_EES8_S8_EEEEEC2IRS4_JSA_EvEEOT_DpOT0_
FNDA:2100,_ZNSt11_Tuple_implILm4EJN6BICYCL6_Utils17CL_HSM_CipherTextINS0_8CL_HSMqkEEESt17reference_wrapperISt5tupleIJS4_S4_S4_EEEEEC2IRS4_JS8_EvEEOT_DpOT0_
FNDA:4147,_ZNSt11_Tuple_implILm0EJN6BICYCL6_Utils17CL_HSM_CipherTextINS0_8CL_HSMqkEEE11curve_pointEEC2ERKS6_
FNDA:4095,_ZNSt11_Tuple_implILm0EJN6BICYCL6_Utils17CL_HSM_CipherTextINS0_8CL_HSMqkEEES4_S4_EEC2ERKS5_
FNDA:1,_ZNSt11_Tuple_implILm0EJNSt7__cxx1112basic_stringIcSt11char_traitsIcESaIcEEEN6BICYCL6_Utils16CL_HSM_ClearTextINS6_8CL_HSMqkEEEEEC2ERKSB_
FNDA:6,_ZNSt11_Tuple_implILm0EJNSt7__cxx1112basic_stringIcSt11char_traitsIcESaIcEEEN6BICYCL6_Utils17CL_HSM_CipherTextINS6_8CL_HSMqkEEE11curve_pointS5_EEC2ERKSC_
FNDA:3,_ZNSt11_Tuple_implILm0EJNSt7__cxx1112basic_stringIcSt11char_traitsIcESaIcEEEN6BICYCL6_Utils17CL_HSM_CipherTextINS6_8CL_HSMqkEEESA_SA_SA_EEC2ERKSB_
FNDA:0,_ZNSt11_Tuple_implILm0EJP21AccessControlContractSt17reference_wrapperISt6vectorISt5tupleIJN6BICYCL6_Utils17CL_HSM_CipherTextINS5_8CL_HSMqkEEE11curve_pointEESaISB_EEEmmNS6_16CL_HSM_PublicKeyIS8_EES2_ISB_EEEC2ERKSI_
FNDA:0,_ZNSt11_Tuple_implILm0EJP21AccessControlContractSt17reference_wrapperISt6vectorISt5tupleIJN6BICYCL6_Utils17CL_HSM_CipherTextINS5_8CL_HSMqkEEES9_S9_EESaISA_EEEmmNS6_16CL_HSM_PublicKeyIS8_EES2_ISA_EEEC2ERKSH_
FNDA:0,_ZNSt11_Tuple_implILm0EJP4UserN6BICYCL8CL_HSMqkENS2_6_Utils16CL_HSM_PublicKeyIS3_EENS4_17CL_HSM_CipherTextIS3_EES8_St17reference_wrapperISt5tupleIJS8_S8_S8_EEEEEC2ERKSD_
FNDA:0,_ZNSt11_Tuple_implILm0EJP4UserN6BICYCL8CL_HSMqkENS2_6_Utils16CL_HSM_PublicKeyIS3_EESt17reference_wrapperISt6vectorISt5tupleIJNS4_17CL_HSM_CipherTextIS3_EE11curve_pointEESaISD_EEEPSt5mutexEEC2ERKSJ_
FNDA:0,_ZNSt11_Tuple_implILm0EJP4UserN6BICYCL8CL_HSMqkENS2_6_Utils17CL_HSM_CipherTextIS3_EESt17reference_wrapperINS2_3QFIEEEEC2ERKSA_
FNDA:0,_ZNSt11_Tuple_implILm0EJP9ValidatorN6BICYCL8CL_HSMqkENS2_6_Utils16CL_HSM_PublicKeyIS3_EENS4_17CL_HSM_CipherTextIS3_EES8_St17reference_wrapperISt5tupleIJS8_S8_S8_EEEEEC2ERKSD_
FNDA:0,_ZNSt11_Tuple_implILm0EJP9ValidatorN6BICYCL8CL_HSMqkENS2_6_Utils16CL_HSM_PublicKeyIS3_EESt17reference_wrapperISt5tupleIJNS4_17CL_HSM_CipherTextIS3_EE11curve_pointEEEPSt5mutexEEC2ERKSG_
FNDA:0,_ZNSt11_Tuple_implILm0EJP9ValidatorN6BICYCL8CL_HSMqkENS2_6_Utils17CL_HSM_CipherTextIS3_EESt17reference_wrapperINS2_3QFIEEEEC2ERKSA_
FNDA:6,_ZNSt11_Tuple_implILm1EJN6BICYCL6_Utils17CL_HSM_CipherTextINS0_8CL_HSMqkEEE11curve_pointNSt7__cxx1112basic_stringIcSt11char_traitsIcESaIcEEEEEC2ERKSC_
FNDA:4095,_ZNSt11_Tuple_implILm1EJN6BICYCL6_Utils17CL_HSM_CipherTextINS0_8CL_HSMqkEEES4_EEC2ERKS5_
FNDA:3,_ZNSt11_Tuple_implILm1EJN6BICYCL6_Utils17CL_HSM_CipherTextINS0_8CL_HSMqkEEES4_S4_S4_EEC2ERKS5_
FNDA:0,_ZNSt11_Tuple_implILm1EJN6BICYCL8CL_HSMqkENS0_6_Utils16CL_HSM_PublicKeyIS1_EENS2_17CL_HSM_CipherTextIS1_EES6_St17reference_wrapperISt5tupleIJS6_S6_S6_EEEEEC2ERKSB_
FNDA:0,_ZNSt11_Tuple_implILm1EJN6BICYCL8CL_HSMqkENS0_6_Utils16CL_HSM_PublicKeyIS1_EESt17reference_wrapperISt5tupleIJNS2_17CL_HSM_CipherTextIS1_EE11curve_pointEEEPSt5mutexEEC2ERKSE_
FNDA:0,_ZNSt11_Tuple_implILm1EJN6BICYCL8CL_HSMqkENS0_6_Utils16CL_HSM_PublicKeyIS1_EESt17reference_wrapperISt6vectorISt5tupleIJNS2_17CL_HSM_CipherTextIS1_EE11curve_pointEESaISB_EEEPSt5mutexEEC2ERKSH_
FNDA:0,_ZNSt11_Tuple_implILm1EJN6BICYCL8CL_HSMqkENS0_6_Utils17CL_HSM_CipherTextIS1_EESt17reference_wrapperINS0_3QFIEEEEC2ERKS8_
FNDA:0,_ZNSt11_Tuple_implILm1EJSt17reference_wrapperISt6vectorISt5tupleIJN6BICYCL6_Utils17CL_HSM_CipherTextINS3_8CL_HSMqkEEE11curve_pointEESaIS9_EEEmmNS4_16CL_HSM_PublicKeyIS6_EES0_IS9_EEEC2ERKSG_
FNDA:0,_ZNSt11_Tuple_implILm1EJSt17reference_wrapperISt6vectorISt5tupleIJN6BICYCL6_Utils17CL_HSM_CipherTextINS3_8CL_HSMqkEEES7_S7_EESaIS8_EEEmmNS4_16CL_HSM_PublicKeyIS6_EES0_IS8_EEEC2ERKSF_
FNDA:6,_ZNSt11_Tuple_implILm2EJ11curve_pointNSt7__cxx1112basic_stringIcSt11char_traitsIcESaIcEEEEEC2ERKS7_
FNDA:0,_ZNSt11_Tuple_implILm2EJN6BICYCL6_Utils16CL_HSM_PublicKeyINS0_8CL_HSMqkEEENS1_17CL_HSM_CipherTextIS3_EES6_St17reference_wrapperISt5tupleIJS6_S6_S6_EEEEEC2ERKSB_
FNDA:0,_ZNSt11_Tuple_implILm2EJN6BICYCL6_Utils16CL_HSM_PublicKeyINS0_8CL_HSMqkEEESt17reference_wrapperISt5tupleIJNS1_17CL_HSM_CipherTextIS3_EE11curve_pointEEEPSt5mutexEEC2ERKSE_
FNDA:0,_ZNSt11_Tuple_implILm2EJN6BICYCL6_Utils16CL_HSM_PublicKeyINS0_8CL_HSMqkEEESt17reference_wrapperISt6vectorISt5tupleIJNS1_17CL_HSM_CipherTextIS3_EE11curve_pointEESaISB_EEEPSt5mutexEEC2ERKSH_
FNDA:3,_ZNSt11_Tuple_implILm2EJN6BICYCL6_Utils17CL_HSM_CipherTextINS0_8CL_HSMqkEEES4_S4_EEC2ERKS5_
FNDA:0,_ZNSt11_Tuple_implILm2EJN6BICYCL6_Utils17CL_HSM_CipherTextINS0_8CL_HSMqkEEESt17reference_wrapperINS0_3QFIEEEEC2ERKS8_
FNDA:0,_ZNSt11_Tuple_implILm2EJmmN6BICYCL6_Utils16CL_HSM_PublicKeyINS0_8CL_HSMqkEEESt17reference_wrapperISt5tupleIJNS1_17CL_HSM_CipherTextIS3_EE11curve_pointEEEEEC2ERKSC_
FNDA:0,_ZNSt11_Tuple_implILm2EJmmN6BICYCL6_Utils16CL_HSM_PublicKeyINS0_8CL_HSMqkEEESt17reference_wrapperISt5tupleIJNS1_17CL_HSM_CipherTextIS3_EES8_S8_EEEEEC2ERKSB_
FNDA:3,_ZNSt11_Tuple_implILm3EJN6BICYCL6_Utils17CL_HSM_CipherTextINS0_8CL_HSMqkEEES4_EEC2ERKS5_
FNDA:0,_ZNSt11_Tuple_implILm3EJN6BICYCL6_Utils17CL_HSM_CipherTextINS0_8CL_HSMqkEEES4_St17reference_wrapperISt5tupleIJS4_S4_S4_EEEEEC2ERKS9_
FNDA:0,_ZNSt11_Tuple_implILm3EJmN6BICYCL6_Utils16CL_HSM_PublicKeyINS0_8CL_HSMqkEEESt17reference_wrapperISt5tupleIJNS1_17CL_HSM_CipherTextIS3_EE11curve_pointEEEEEC2ERKSC_
FNDA:0,_ZNSt11_Tuple_implILm3EJmN6BICYCL6_Utils16CL_HSM_PublicKeyINS0_8CL_HSMqkEEESt17reference_wrapperISt5tupleIJNS1_17CL_HSM_CipherTextIS3_EES8_S8_EEEEEC2ERKSB_
FNDA:0,_ZNSt11_Tuple_implILm4EJN6BICYCL6_Utils16CL_HSM_PublicKeyINS0_8CL_HSMqkEEESt17reference_wrapperISt5tupleIJNS1_17CL_HSM_CipherTextIS3_EE11curve_pointEEEEEC2ERKSC_
FNDA:0,_ZNSt11_Tuple_implILm4EJN6BICYCL6_Utils16CL_HSM_PublicKeyINS0_8CL_HSMqkEEESt17reference_wrapperISt5tupleIJNS1_17CL_HSM_CipherTextIS3_EES8_S8_EEEEEC2ERKSB_
FNDA:0,_ZNSt11_Tuple_implILm4EJN6BICYCL6_Utils17CL_HSM_CipherTextINS0_8CL_HSMqkEEESt17reference_wrapperISt5tupleIJS4_S4_S4_EEEEEC2ERKS9_
FNDA:2112,_ZNSt11_Tuple_implILm0EJN6BICYCL6_Utils17CL_HSM_CipherTextINS0_8CL_HSMqkEEE11curve_pointEEC2EOS6_
FNDA:2112,_ZNSt11_Tuple_implILm0EJN6BICYCL6_Utils17CL_HSM_CipherTextINS0_8CL_HSMqkEEES4_S4_EEC2EOS5_
FNDA:2,_ZNSt11_Tuple_implILm0EJNSt7__cxx1112basic_stringIcSt11char_traitsIcESaIcEEEN6BICYCL6_Utils16CL_HSM_ClearTextINS6_8CL_HSMqkEEEEEC2EOSB_
FNDA:2,_ZNSt11_Tuple_implILm0EJNSt7__cxx1112basic_stringIcSt11char_traitsIcESaIcEEEN6BICYCL6_Utils17CL_HSM_CipherTextINS6_8CL_HSMqkEEE11curve_pointS5_EEC2EOSC_
FNDA:2,_ZNSt11_Tuple_implILm0EJNSt7__cxx1112basic_stringIcSt11char_traitsIcESaIcEEEN6BICYCL6_Utils17CL_HSM_CipherTextINS6_8CL_HSMqkEEESA_SA_SA_EEC2EOSB_
FNDA:2,_ZNSt11_Tuple_implILm0EJP14PolicyContractN6BICYCL6_Utils16CL_HSM_PublicKeyINS2_8CL_HSMqkEEENS3_17CL_HSM_CipherTextIS5_EENSt7__cxx1112basic_stringIcSt11char_traitsIcESaIcEEEEEC2EOSF_
FNDA:24,_ZNSt11_Tuple_implILm0EJP21AccessControlContractPKN6BICYCL3QFIEmmSt17reference_wrapperIS3_EEEC2EOS8_
FNDA:12,_ZNSt11_Tuple_implILm0EJP21AccessControlContractSt17reference_wrapperISt6vectorISt5tupleIJN6BICYCL6_Utils17CL_HSM_CipherTextINS5_8CL_HSMqkEEE11curve_pointEESaISB_EEEmmNS6_16CL_HSM_PublicKeyIS8_EES2_ISB_EEEC2EOSI_
FNDA:12,_ZNSt11_Tuple_implILm0EJP21AccessControlContractSt17reference_wrapperISt6vectorISt5tupleIJN6BICYCL6_Utils17CL_HSM_CipherTextINS5_8CL_HSMqkEEES9_S9_EESaISA_EEEmmNS6_16CL_HSM_PublicKeyIS8_EES2_ISA_EEEC2EOSH_
FNDA:100,_ZNSt11_Tuple_implILm0EJP4UserN6BICYCL8CL_HSMqkENS2_6_Utils16CL_HSM_PublicKeyIS3_EENS4_17CL_HSM_CipherTextIS3_EES8_St17reference_wrapperISt5tupleIJS8_S8_S8_EEEEEC2EOSD_
FNDA:100,_ZNSt11_Tuple_implILm0EJP4UserN6BICYCL8CL_HSMqkENS2_6_Utils16CL_HSM_PublicKeyIS3_EESt17reference_wrapperISt6vectorISt5tupleIJNS4_17CL_HSM_CipherTextIS3_EE11curve_pointEESaISD_EEEPSt5mutexEEC2EOSJ_
FNDA:200,_ZNSt11_Tuple_implILm0EJP4UserN6BICYCL8CL_HSMqkENS2_6_Utils17CL_HSM_CipherTextIS3_EESt17reference_wrapperINS2_3QFIEEEEC2EOSA_
FNDA:2000,_ZNSt11_Tuple_implILm0EJP9ValidatorN6BICYCL8CL_HSMqkENS2_6_Utils16CL_HSM_PublicKeyIS3_EENS4_17CL_HSM_CipherTextIS3_EES8_St17reference_wrapperISt5tupleIJS8_S8_S8_EEEEEC2EOSD_
FNDA:2000,_ZNSt11_Tuple_implILm0EJP9ValidatorN6BICYCL8CL_HSMqkENS2_6_Utils16CL_HSM_PublicKeyIS3_EESt17reference_wrapperISt5tupleIJNS4_17CL_HSM_CipherTextIS3_EE11curve_pointEEEPSt5mutexEEC2EOSG_
FNDA:4000,_ZNSt11_Tuple_implILm0EJP9ValidatorN6BICYCL8CL_HSMqkENS2_6_Utils17CL_HSM_CipherTextIS3_EESt17reference_wrapperINS2_3QFIEEEEC2EOSA_
FNDA:2,_ZNSt11_Tuple_implILm1EJN6BICYCL6_Utils16CL_HSM_PublicKeyINS0_8CL_HSMqkEEENS1_17CL_HSM_CipherTextIS3_EENSt7__cxx1112basic_stringIcSt11char_traitsIcESaIcEEEEEC2EOSD_
FNDA:2,_ZNSt11_Tuple_implILm1EJN6BICYCL6_Utils17CL_HSM_CipherTextINS0_8CL_HSMqkEEE11curve_pointNSt7__cxx1112basic_stringIcSt11char_traitsIcESaIcEEEEEC2EOSC_
FNDA:2112,_ZNSt11_Tuple_implILm1EJN6BICYCL6_Utils17CL_HSM_CipherTextINS0_8CL_HSMqkEEES4_EEC2EOS5_
FNDA:2,_ZNSt11_Tuple_implILm1EJN6BICYCL6_Utils17CL_HSM_CipherTextINS0_8CL_HSMqkEEES4_S4_S4_EEC2EOS5_
FNDA:2100,_ZNSt11_Tuple_implILm1EJN6BICYCL8CL_HSMqkENS0_6_Utils16CL_HSM_PublicKeyIS1_EENS2_17CL_HSM_CipherTextIS1_EES6_St17reference_wrapperISt5tupleIJS6_S6_S6_EEEEEC2EOSB_
FNDA:2000,_ZNSt11_Tuple_implILm1EJN6BICYCL8CL_HSMqkENS0_6_Utils16CL_HSM_PublicKeyIS1_EESt17reference_wrapperISt5tupleIJNS2_17CL_HSM_CipherTextIS1_EE11curve_pointEEEPSt5mutexEEC2EOSE_
FNDA:100,_ZNSt11_Tuple_implILm1EJN6BICYCL8CL_HSMqkENS0_6_Utils16CL_HSM_PublicKeyIS1_EESt17reference_wrapperISt6vectorISt5tupleIJNS2_17CL_HSM_CipherTextIS1_EE11curve_pointEESaISB_EEEPSt5mutexEEC2EOSH_
FNDA:4200,_ZNSt11_Tuple_implILm1EJN6BICYCL8CL_HSMqkENS0_6_Utils17CL_HSM_CipherTextIS1_EESt17reference_wrapperINS0_3QFIEEEEC2EOS8_
FNDA:24,_ZNSt11_Tuple_implILm1EJPKN6BICYCL3QFIEmmSt17reference_wrapperIS1_EEEC2EOS6_
FNDA:12,_ZNSt11_Tuple_implILm1EJSt17reference_wrapperISt6vectorISt5tupleIJN6BICYCL6_Utils17CL_HSM_CipherTextINS3_8CL_HSMqkEEE11curve_pointEESaIS9_EEEmmNS4_16CL_HSM_PublicKeyIS6_EES0_IS9_EEEC2EOSG_
FNDA:12,_ZNSt11_Tuple_implILm1EJSt17reference_wrapperISt6vectorISt5tupleIJN6BICYCL6_Utils17CL_HSM_CipherTextINS3_8CL_HSMqkEEES7_S7_EESaIS8_EEEmmNS4_16CL_HSM_PublicKeyIS6_EES0_IS8_EEEC2EOSF_
FNDA:2,_ZNSt11_Tuple_implILm2EJ11curve_pointNSt7__cxx1112basic_stringIcSt11char_traitsIcESaIcEEEEEC2EOS7_
FNDA:2100,_ZNSt11_Tuple_implILm2EJN6BICYCL6_Utils16CL_HSM_PublicKeyINS0_8CL_HSMqkEEENS1_17CL_HSM_CipherTextIS3_EES6_St17reference_wrapperISt5tupleIJS6_S6_S6_EEEEEC2EOSB_
FNDA:2000,_ZNSt11_Tuple_implILm2EJN6BICYCL6_Utils16CL_HSM_PublicKeyINS0_8CL_HSMqkEEESt17reference_wrapperISt5tupleIJNS1_17CL_HSM_CipherTextIS3_EE11curve_pointEEEPSt5mutexEEC2EOSE_
FNDA:100,_ZNSt11_Tuple_implILm2EJN6BICYCL6_Utils16CL_HSM_PublicKeyINS0_8CL_HSMqkEEESt17reference_wrapperISt6vectorISt5tupleIJNS1_17CL_HSM_CipherTextIS3_EE11curve_pointEESaISB_EEEPSt5mutexEEC2EOSH_
FNDA:2,_ZNSt11_Tuple_implILm2EJN6BICYCL6_Utils17CL_HSM_CipherTextINS0_8CL_HSMqkEEENSt7__cxx1112basic_stringIcSt11char_traitsIcESaIcEEEEEC2EOSB_
FNDA:2,_ZNSt11_Tuple_implILm2EJN6BICYCL6_Utils17CL_HSM_CipherTextINS0_8CL_HSMqkEEES4_S4_EEC2EOS5_
FNDA:4200,_ZNSt11_Tuple_implILm2EJN6BICYCL6_Utils17CL_HSM_CipherTextINS0_8CL_HSMqkEEESt17reference_wrapperINS0_3QFIEEEEC2EOS8_
FNDA:12,_ZNSt11_Tuple_implILm2EJmmN6BICYCL6_Utils16CL_HSM_PublicKeyINS0_8CL_HSMqkEEESt17reference_wrapperISt5tupleIJNS1_17CL_HSM_CipherTextIS3_EE11curve_pointEEEEEC2EOSC_
FNDA:12,_ZNSt11_Tuple_implILm2EJmmN6BICYCL6_Utils16CL_HSM_PublicKeyINS0_8CL_HSMqkEEESt17reference_wrapperISt5tupleIJNS1_17CL_HSM_CipherTextIS3_EES8_S8_EEEEEC2EOSB_
FNDA:24,_ZNSt11_Tuple_implILm2EJmmSt17reference_wrapperIN6BICYCL3QFIEEEEC2EOS4_
FNDA:2,_ZNSt11_Tuple_implILm3EJN6BICYCL6_Utils17CL_HSM_CipherTextINS0_8CL_HSMqkEEES4_EEC2EOS5_
FNDA:2100,_ZNSt11_Tuple_implILm3EJN6BICYCL6_Utils17CL_HSM_CipherTextINS0_8CL_HSMqkEEES4_St17reference_wrapperISt5tupleIJS4_S4_S4_EEEEEC2EOS9_
FNDA:2000,_ZNSt11_Tuple_implILm3EJSt17reference_wrapperISt5tupleIJN6BICYCL6_Utils17CL_HSM_CipherTextINS2_8CL_HSMqkEEE11curve_pointEEEPSt5mutexEEC2EOSC_
FNDA:100,_ZNSt11_Tuple_implILm3EJSt17reference_wrapperISt6vectorISt5tupleIJN6BICYCL6_Utils17CL_HSM_CipherTextINS3_8CL_HSMqkEEE11curve_pointEESaIS9_EEEPSt5mutexEEC2EOSF_
FNDA:12,_ZNSt11_Tuple_implILm3EJmN6BICYCL6_Utils16CL_HSM_PublicKeyINS0_8CL_HSMqkEEESt17reference_wrapperISt5tupleIJNS1_17CL_HSM_CipherTextIS3_EE11curve_pointEEEEEC2EOSC_
FNDA:12,_ZNSt11_Tuple_implILm3EJmN6BICYCL6_Utils16CL_HSM_PublicKeyINS0_8CL_HSMqkEEESt17reference_wrapperISt5tupleIJNS1_17CL_HSM_CipherTextIS3_EES8_S8_EEEEEC2EOSB_
FNDA:24,_ZNSt11_Tuple_implILm3EJmSt17reference_wrapperIN6BICYCL3QFIEEEEC2EOS4_
FNDA:12,_ZNSt11_Tuple_implILm4EJN6BICYCL6_Utils16CL_HSM_PublicKeyINS0_8CL_HSMqkEEESt17reference_wrapperISt5tupleIJNS1_17CL_HSM_CipherTextIS3_EE11curve_pointEEEEEC2EOSC_
FNDA:12,_ZNSt11_Tuple_implILm4EJN6BICYCL6_Utils16CL_HSM_PublicKeyINS0_8CL_HSMqkEEESt17reference_wrapperISt5tupleIJNS1_17CL_HSM_CipherTextIS3_EES8_S8_EEEEEC2EOSB_
FNDA:2100,_ZNSt11_Tuple_implILm4EJN6BICYCL6_Utils17CL_HSM_CipherTextINS0_8CL_HSMqkEEESt17reference_wrapperISt5tupleIJS4_S4_S4_EEEEEC2EOS9_
FNDA:2012,_ZNSt11_Tuple_implILm0EJN6BICYCL6_Utils17CL_HSM_CipherTextINS0_8CL_HSMqkEEE11curve_pointEE9_M_assignIS4_JS5_EEEvOS_ILm0EJT_DpT0_EE
FNDA:2112,_ZNSt11_Tuple_implILm0EJN6BICYCL6_Utils17CL_HSM_CipherTextINS0_8CL_HSMqkEEES4_S4_EE9_M_assignIS4_JS4_S4_EEEvOS_ILm0EJT_DpT0_EE
FNDA:2112,_ZNSt11_Tuple_implILm1EJN6BICYCL6_Utils17CL_HSM_CipherTextINS0_8CL_HSMqkEEES4_EE9_M_assignIS4_JS4_EEEvOS_ILm1EJT_DpT0_EE
FNDA:12,_ZNSt11_Tuple_implILm0EJZN10ThreadPoolC4EmEUlvE_EE7_M_headERS2_
FNDA:6136,_ZNSt11_Tuple_implILm1EJ11curve_pointEE7_M_headERS1_
FNDA:1,_ZNSt11_Tuple_implILm1EJN6BICYCL6_Utils16CL_HSM_ClearTextINS0_8CL_HSMqkEEEEE7_M_headERS5_
FNDA:0,_ZNSt11_Tuple_implILm1EJSt14default_deleteINSt6thread6_StateEEEE7_M_headERS4_
FNDA:6336,_ZNSt11_Tuple_implILm2EJN6BICYCL6_Utils17CL_HSM_CipherTextINS0_8CL_HSMqkEEEEE7_M_headERS5_
FNDA:3,_ZNSt11_Tuple_implILm3EJNSt7__cxx1112basic_stringIcSt11char_traitsIcESaIcEEEEE7_M_headERS6_
FNDA:16804,_ZNSt11_Tuple_implILm3EJSt17reference_wrapperIKN6BICYCL3MpzEEEE7_M_headERS5_
FNDA:4200,_ZNSt11_Tuple_implILm3EJSt17reference_wrapperIN6BICYCL3QFIEEEE7_M_headERS4_
FNDA:2101,_ZNSt11_Tuple_implILm4EJN6BICYCL6_Utils17CL_HSM_CipherTextINS0_8CL_HSMqkEEEEE7_M_headERS5_
FNDA:2100,_ZNSt11_Tuple_implILm4EJPSt5mutexEE7_M_headERS2_
FNDA:24,_ZNSt11_Tuple_implILm4EJSt17reference_wrapperIN6BICYCL3QFIEEEE7_M_headERS4_
FNDA:12,_ZNSt11_Tuple_implILm5EJSt17reference_wrapperISt5tupleIJN6BICYCL6_Utils17CL_HSM_CipherTextINS2_8CL_HSMqkEEE11curve_pointEEEEE7_M_headERSA_
FNDA:2112,_ZNSt11_Tuple_implILm5EJSt17reference_wrapperISt5tupleIJN6BICYCL6_Utils17CL_HSM_CipherTextINS2_8CL_HSMqkEEES6_S6_EEEEE7_M_headERS9_
FNDA:16816,_ZNSt11_Tuple_implILm1EJSt14default_deleteINSt6thread6_StateEEEEC2Ev
FNDA:12,_ZNSt11_Tuple_implILm0EJZN10ThreadPoolC4EmEUlvE_EEC2IS1_EEOT_
FNDA:4124,_ZNSt11_Tuple_implILm1EJ11curve_pointEEC2IRS0_EEOT_
FNDA:1,_ZNSt11_Tuple_implILm1EJN6BICYCL6_Utils16CL_HSM_ClearTextINS0_8CL_HSMqkEEEEEC2IRS4_EEOT_
FNDA:4224,_ZNSt11_Tuple_implILm2EJN6BICYCL6_Utils17CL_HSM_CipherTextINS0_8CL_HSMqkEEEEEC2IRS4_EEOT_
FNDA:1,_ZNSt11_Tuple_implILm3EJNSt7__cxx1112basic_stringIcSt11char_traitsIcESaIcEEEEEC2IRS5_EEOT_
FNDA:1,_ZNSt11_Tuple_implILm3EJNSt7__cxx1112basic_stringIcSt11char_traitsIcESaIcEEEEEC2IS5_EEOT_
FNDA:16804,_ZNSt11_Tuple_implILm3EJSt17reference_wrapperIKN6BICYCL3MpzEEEEC2IS4_EEOT_
FNDA:4200,_ZNSt11_Tuple_implILm3EJSt17reference_wrapperIN6BICYCL3QFIEEEEC2IS3_EEOT_
FNDA:1,_ZNSt11_Tuple_implILm4EJN6BICYCL6_Utils17CL_HSM_CipherTextINS0_8CL_HSMqkEEEEEC2IRS4_EEOT_
FNDA:2100,_ZNSt11_Tuple_implILm4EJPSt5mutexEEC2IS1_EEOT_
FNDA:24,_ZNSt11_Tuple_implILm4EJSt17reference_wrapperIN6BICYCL3QFIEEEEC2IS3_EEOT_
FNDA:12,_ZNSt11_Tuple_implILm5EJSt17reference_wrapperISt5tupleIJN6BICYCL6_Utils17CL_HSM_CipherTextINS2_8CL_HSMqkEEE11curve_pointEEEEEC2IS9_EEOT_
FNDA:2112,_ZNSt11_Tuple_implILm5EJSt17reference_wrapperISt5tupleIJN6BICYCL6_Utils17CL_HSM_CipherTextINS2_8CL_HSMqkEEES6_S6_EEEEEC2IS8_EEOT_
FNDA:1,_ZNSt11_Tuple_implILm1EJN6BICYCL6_Utils16CL_HSM_ClearTextINS0_8CL_HSMqkEEEEEC2ERKS5_
FNDA:4095,_ZNSt11_Tuple_implILm2EJN6BICYCL6_Utils17CL_HSM_CipherTextINS0_8CL_HSMqkEEEEEC2ERKS5_
FNDA:6,_ZNSt11_Tuple_implILm3EJNSt7__cxx1112basic_stringIcSt11char_traitsIcESaIcEEEEEC2ERKS6_
FNDA:3,_ZNSt11_Tuple_implILm4EJN6BICYCL6_Utils17CL_HSM_CipherTextINS0_8CL_HSMqkEEEEEC2ERKS5_
FNDA:2112,_ZNSt11_Tuple_implILm1EJ11curve_pointEEC2EOS1_
FNDA:2,_ZNSt11_Tuple_implILm1EJN6BICYCL6_Utils16CL_HSM_ClearTextINS0_8CL_HSMqkEEEEEC2EOS5_
FNDA:2112,_ZNSt11_Tuple_implILm2EJN6BICYCL6_Utils17CL_HSM_CipherTextINS0_8CL_HSMqkEEEEEC2EOS5_
FNDA:4,_ZNSt11_Tuple_implILm3EJNSt7__cxx1112basic_stringIcSt11char_traitsIcESaIcEEEEEC2EOS6_
FNDA:4200,_ZNSt11_Tuple_implILm3EJSt17reference_wrapperIN6BICYCL3QFIEEEEC2EOS4_
FNDA:2,_ZNSt11_Tuple_implILm4EJN6BICYCL6_Utils17CL_HSM_CipherTextINS0_8CL_HSMqkEEEEEC2EOS5_
FNDA:2100,_ZNSt11_Tuple_implILm4EJPSt5mutexEEC2EOS2_
FNDA:24,_ZNSt11_Tuple_implILm4EJSt17reference_wrapperIN6BICYCL3QFIEEEEC2EOS4_
FNDA:12,_ZNSt11_Tuple_implILm5EJSt17reference_wrapperISt5tupleIJN6BICYCL6_Utils17CL_HSM_CipherTextINS2_8CL_HSMqkEEE11curve_pointEEEEEC2EOSA_
FNDA:2112,_ZNSt11_Tuple_implILm5EJSt17reference_wrapperISt5tupleIJN6BICYCL6_Utils17CL_HSM_CipherTextINS2_8CL_HSMqkEEES6_S6_EEEEEC2EOS9_
FNDA:2012,_ZNSt11_Tuple_implILm1EJ11curve_pointEE9_M_assignIS0_EEvOS_ILm1EJT_EE
FNDA:2112,_ZNSt11_Tuple_implILm2EJN6BICYCL6_Utils17CL_HSM_CipherTextINS0_8CL_HSMqkEEEEE9_M_assignIS4_EEvOS_ILm2EJT_EE
FNDA:16816,_ZNSt10_Head_baseILm1ESt14default_deleteINSt6thread6_StateEELb1EEC2Ev
FNF:526
FNH:470
DA:89,16816
DA:90,16816
DA:133,0
DA:198,16816
DA:199,16816
DA:201,16807
DA:202,16807
DA:204,16467
DA:205,29498
DA:208,111520
DA:209,111520
DA:242,176534
DA:293,136693
DA:299,12472
DA:304,16816
DA:305,16816
DA:315,94711
DA:317,94711
DA:318,94711
DA:320,12368
DA:326,38074
DA:478,6236
DA:480,6236
DA:481,6236
DA:482,12472
DA:483,6236
DA:484,6236
DA:556,39841
DA:562,16816
DA:563,16816
DA:572,33616
DA:573,33616
DA:574,33616
DA:576,4105
DA:586,12680
DA:588,12680
DA:589,12680
DA:716,4124
DA:718,4124
DA:719,6236
DA:720,4124
DA:1487,29491
DA:1489,29491
DA:1490,29491
DA:1501,4104
DA:1503,10566
DA:1916,2112
DA:1921,2112
DA:1922,2112
DA:2089,16816
DA:2091,16816
DA:2117,4125
DA:2119,4125
DA:2120,4125
DA:2130,4148
DA:2132,2114
DA:2341,2012
DA:2346,2012
DA:2347,2012
DA:2427,155814
DA:2428,155814
DA:2443,88586
DA:2444,88586
DA:2455,67228
DA:2458,67228
DA:2638,8352
DA:2642,8352
DA:2650,8448
DA:2651,8448
LF:69
LH:68
end_of_record
TN:
SF:/usr/include/c++/14.2.1/x86_64-pc-linux-gnu/bits/c++config.h
FNF:0
FNH:0
DA:324,0
DA:550,4392
DA:606,0
LF:3
LH:1
end_of_record
TN:
SF:/usr/include/c++/14.2.1/x86_64-pc-linux-gnu/bits/gthr-default.h
FN:313,316,_ZL18__gthread_active_pv
FN:759,765,_ZL20__gthread_mutex_lockP15pthread_mutex_t
FN:789,795,_ZL22__gthread_mutex_unlockP15pthread_mutex_t
FNDA:38034,_ZL18__gthread_active_pv
FNDA:19017,_ZL20__gthread_mutex_lockP15pthread_mutex_t
FNDA:19017,_ZL22__gthread_mutex_unlockP15pthread_mutex_t
FNF:3
FNH:3
DA:313,38034
DA:315,38034
DA:759,19017
DA:761,19017
DA:762,19017
DA:764,0
DA:789,19017
DA:791,19017
DA:792,19017
DA:794,0
LF:10
LH:8
end_of_record
